[2026-06-07 14:14:09 EDT] start workers=10 pending=167 total=168
[2026-06-07 14:14:09 EDT] launched s3r_0002__LA_D1_RAW_N500__r01__auto__screened pid=64222
[2026-06-07 14:14:09 EDT] launched s3r_0003__LA_D1_RAW_N500__r01__local_auto__full pid=64223
[2026-06-07 14:14:09 EDT] launched s3r_0004__LA_D1_RAW_N500__r01__local_auto__screened pid=64224
[2026-06-07 14:14:09 EDT] launched s3r_0005__LA_D1_RAW_N500__r02__auto__full pid=64225
[2026-06-07 14:14:09 EDT] launched s3r_0006__LA_D1_RAW_N500__r02__auto__screened pid=64226
[2026-06-07 14:14:09 EDT] launched s3r_0007__LA_D1_RAW_N500__r02__local_auto__full pid=64227
[2026-06-07 14:14:09 EDT] launched s3r_0008__LA_D1_RAW_N500__r02__local_auto__screened pid=64228
[2026-06-07 14:14:09 EDT] launched s3r_0009__LA_D1_RAW_N500__r03__auto__full pid=64229
[2026-06-07 14:14:09 EDT] launched s3r_0010__LA_D1_RAW_N500__r03__auto__screened pid=64237
[2026-06-07 14:14:09 EDT] launched s3r_0011__LA_D1_RAW_N500__r03__local_auto__full pid=64240
[2026-06-07 14:14:23 EDT] finished s3r_0006__LA_D1_RAW_N500__r02__auto__screened rc=0 elapsed_sec=14.1
[2026-06-07 14:14:25 EDT] launched s3r_0012__LA_D1_RAW_N500__r03__local_auto__screened pid=64655
[2026-06-07 14:14:25 EDT] finished s3r_0002__LA_D1_RAW_N500__r01__auto__screened rc=0 elapsed_sec=16.1
[2026-06-07 14:14:25 EDT] finished s3r_0010__LA_D1_RAW_N500__r03__auto__screened rc=0 elapsed_sec=16.1
[2026-06-07 14:14:27 EDT] launched s3r_0013__LA_D1_HC_Li_N500__r01__auto__full pid=64859
[2026-06-07 14:14:27 EDT] launched s3r_0014__LA_D1_HC_Li_N500__r01__auto__screened pid=64860
[2026-06-07 14:14:35 EDT] finished s3r_0004__LA_D1_RAW_N500__r01__local_auto__screened rc=0 elapsed_sec=26.1
[2026-06-07 14:14:35 EDT] finished s3r_0008__LA_D1_RAW_N500__r02__local_auto__screened rc=0 elapsed_sec=26.1
[2026-06-07 14:14:37 EDT] launched s3r_0015__LA_D1_HC_Li_N500__r01__local_auto__full pid=64976
[2026-06-07 14:14:37 EDT] launched s3r_0016__LA_D1_HC_Li_N500__r01__local_auto__screened pid=64977
[2026-06-07 14:14:37 EDT] finished s3r_0014__LA_D1_HC_Li_N500__r01__auto__screened rc=0 elapsed_sec=10.0
[2026-06-07 14:14:39 EDT] launched s3r_0017__LA_D1_HC_Li_N500__r02__auto__full pid=65023
[2026-06-07 14:17:12 EDT] start workers=10 pending=161 total=168
[2026-06-07 14:17:12 EDT] launched s3r_0003__LA_D1_RAW_N500__r01__local_auto__full pid=67690
[2026-06-07 14:17:12 EDT] launched s3r_0005__LA_D1_RAW_N500__r02__auto__full pid=67691
[2026-06-07 14:17:12 EDT] launched s3r_0007__LA_D1_RAW_N500__r02__local_auto__full pid=67692
[2026-06-07 14:17:12 EDT] launched s3r_0009__LA_D1_RAW_N500__r03__auto__full pid=67693
[2026-06-07 14:17:12 EDT] launched s3r_0011__LA_D1_RAW_N500__r03__local_auto__full pid=67694
[2026-06-07 14:17:12 EDT] launched s3r_0012__LA_D1_RAW_N500__r03__local_auto__screened pid=67695
[2026-06-07 14:17:12 EDT] launched s3r_0013__LA_D1_HC_Li_N500__r01__auto__full pid=67698
[2026-06-07 14:17:12 EDT] launched s3r_0015__LA_D1_HC_Li_N500__r01__local_auto__full pid=67706
[2026-06-07 14:17:12 EDT] launched s3r_0016__LA_D1_HC_Li_N500__r01__local_auto__screened pid=67710
[2026-06-07 14:17:12 EDT] launched s3r_0017__LA_D1_HC_Li_N500__r02__auto__full pid=67716
[2026-06-07 14:18:12 EDT] finished s3r_0016__LA_D1_HC_Li_N500__r01__local_auto__screened rc=0 elapsed_sec=59.3
[2026-06-07 14:18:14 EDT] launched s3r_0018__LA_D1_HC_Li_N500__r02__auto__screened pid=69561
[2026-06-07 14:18:18 EDT] finished s3r_0012__LA_D1_RAW_N500__r03__local_auto__screened rc=0 elapsed_sec=65.8
[2026-06-07 14:18:20 EDT] launched s3r_0019__LA_D1_HC_Li_N500__r02__local_auto__full pid=69600
[2026-06-07 14:18:40 EDT] finished s3r_0013__LA_D1_HC_Li_N500__r01__auto__full rc=0 elapsed_sec=87.2
[2026-06-07 14:18:40 EDT] finished s3r_0017__LA_D1_HC_Li_N500__r02__auto__full rc=0 elapsed_sec=87.2
[2026-06-07 14:18:42 EDT] launched s3r_0020__LA_D1_HC_Li_N500__r02__local_auto__screened pid=69767
[2026-06-07 14:18:42 EDT] launched s3r_0021__LA_D1_HC_Li_N500__r03__auto__full pid=69768
[2026-06-07 14:18:42 EDT] finished s3r_0018__LA_D1_HC_Li_N500__r02__auto__screened rc=0 elapsed_sec=27.9
[2026-06-07 14:18:44 EDT] launched s3r_0022__LA_D1_HC_Li_N500__r03__auto__screened pid=69784
[2026-06-07 14:19:12 EDT] finished s3r_0015__LA_D1_HC_Li_N500__r01__local_auto__full rc=0 elapsed_sec=119.3
[2026-06-07 14:19:12 EDT] finished s3r_0022__LA_D1_HC_Li_N500__r03__auto__screened rc=0 elapsed_sec=27.8
[2026-06-07 14:19:14 EDT] launched s3r_0023__LA_D1_HC_Li_N500__r03__local_auto__full pid=69838
[2026-06-07 14:19:14 EDT] launched s3r_0024__LA_D1_HC_Li_N500__r03__local_auto__screened pid=69839
[2026-06-07 14:19:18 EDT] finished s3r_0009__LA_D1_RAW_N500__r03__auto__full rc=0 elapsed_sec=125.9
[2026-06-07 14:19:20 EDT] launched s3r_0025__LA_D1_HC_Lc_N500__r01__auto__full pid=69857
[2026-06-07 14:19:23 EDT] finished s3r_0005__LA_D1_RAW_N500__r02__auto__full rc=0 elapsed_sec=130.2
[2026-06-07 14:19:25 EDT] launched s3r_0026__LA_D1_HC_Lc_N500__r01__auto__screened pid=69893
[2026-06-07 14:19:31 EDT] finished s3r_0020__LA_D1_HC_Li_N500__r02__local_auto__screened rc=0 elapsed_sec=49.3
[2026-06-07 14:19:33 EDT] launched s3r_0027__LA_D1_HC_Lc_N500__r01__local_auto__full pid=69902
[2026-06-07 14:19:48 EDT] finished s3r_0003__LA_D1_RAW_N500__r01__local_auto__full rc=0 elapsed_sec=155.8
[2026-06-07 14:19:50 EDT] launched s3r_0028__LA_D1_HC_Lc_N500__r01__local_auto__screened pid=69918
[2026-06-07 14:19:50 EDT] finished s3r_0007__LA_D1_RAW_N500__r02__local_auto__full rc=0 elapsed_sec=158.0
[2026-06-07 14:19:50 EDT] finished s3r_0011__LA_D1_RAW_N500__r03__local_auto__full rc=0 elapsed_sec=158.0
[2026-06-07 14:19:53 EDT] launched s3r_0029__LA_D1_HC_Lc_N500__r02__auto__full pid=69961
[2026-06-07 14:19:53 EDT] launched s3r_0030__LA_D1_HC_Lc_N500__r02__auto__screened pid=69962
[2026-06-07 14:19:55 EDT] finished s3r_0026__LA_D1_HC_Lc_N500__r01__auto__screened rc=0 elapsed_sec=30.0
[2026-06-07 14:19:57 EDT] launched s3r_0031__LA_D1_HC_Lc_N500__r02__local_auto__full pid=69994
[2026-06-07 14:19:57 EDT] finished s3r_0021__LA_D1_HC_Li_N500__r03__auto__full rc=0 elapsed_sec=75.0
[2026-06-07 14:19:59 EDT] launched s3r_0032__LA_D1_HC_Lc_N500__r02__local_auto__screened pid=70007
[2026-06-07 14:20:03 EDT] finished s3r_0024__LA_D1_HC_Li_N500__r03__local_auto__screened rc=0 elapsed_sec=49.3
[2026-06-07 14:20:05 EDT] launched s3r_0033__LA_D1_HC_Lc_N500__r03__auto__full pid=70017
[2026-06-07 14:20:12 EDT] finished s3r_0019__LA_D1_HC_Li_N500__r02__local_auto__full rc=0 elapsed_sec=111.5
[2026-06-07 14:20:14 EDT] launched s3r_0034__LA_D1_HC_Lc_N500__r03__auto__screened pid=70028
[2026-06-07 14:20:22 EDT] finished s3r_0030__LA_D1_HC_Lc_N500__r02__auto__screened rc=0 elapsed_sec=29.9
[2026-06-07 14:20:25 EDT] launched s3r_0035__LA_D1_HC_Lc_N500__r03__local_auto__full pid=70065
[2026-06-07 14:20:46 EDT] finished s3r_0028__LA_D1_HC_Lc_N500__r01__local_auto__screened rc=0 elapsed_sec=55.6
[2026-06-07 14:20:46 EDT] finished s3r_0034__LA_D1_HC_Lc_N500__r03__auto__screened rc=0 elapsed_sec=32.0
[2026-06-07 14:20:48 EDT] launched s3r_0036__LA_D1_HC_Lc_N500__r03__local_auto__screened pid=70086
[2026-06-07 14:20:48 EDT] launched s3r_0037__LA_D1_HC_Gv_N500__r01__auto__full pid=70087
[2026-06-07 14:20:57 EDT] finished s3r_0032__LA_D1_HC_Lc_N500__r02__local_auto__screened rc=0 elapsed_sec=57.7
[2026-06-07 14:20:59 EDT] launched s3r_0038__LA_D1_HC_Gv_N500__r01__auto__screened pid=70137
[2026-06-07 14:21:05 EDT] finished s3r_0023__LA_D1_HC_Li_N500__r03__local_auto__full rc=0 elapsed_sec=111.3
[2026-06-07 14:21:05 EDT] finished s3r_0025__LA_D1_HC_Lc_N500__r01__auto__full rc=0 elapsed_sec=104.9
[2026-06-07 14:21:07 EDT] launched s3r_0039__LA_D1_HC_Gv_N500__r01__local_auto__full pid=70154
[2026-06-07 14:21:07 EDT] launched s3r_0040__LA_D1_HC_Gv_N500__r01__local_auto__screened pid=70155
[2026-06-07 14:21:27 EDT] finished s3r_0038__LA_D1_HC_Gv_N500__r01__auto__screened rc=0 elapsed_sec=27.8
[2026-06-07 14:21:29 EDT] launched s3r_0041__LA_D1_HC_Gv_N500__r02__auto__full pid=70207
[2026-06-07 14:21:39 EDT] finished s3r_0029__LA_D1_HC_Lc_N500__r02__auto__full rc=0 elapsed_sec=106.8
[2026-06-07 14:21:42 EDT] launched s3r_0042__LA_D1_HC_Gv_N500__r02__auto__screened pid=70223
[2026-06-07 14:21:44 EDT] finished s3r_0036__LA_D1_HC_Lc_N500__r03__local_auto__screened rc=0 elapsed_sec=55.6
[2026-06-07 14:21:46 EDT] launched s3r_0043__LA_D1_HC_Gv_N500__r02__local_auto__full pid=70235
[2026-06-07 14:21:54 EDT] finished s3r_0033__LA_D1_HC_Lc_N500__r03__auto__full rc=0 elapsed_sec=108.9
[2026-06-07 14:21:56 EDT] launched s3r_0044__LA_D1_HC_Gv_N500__r02__local_auto__screened pid=70276
[2026-06-07 14:21:56 EDT] finished s3r_0027__LA_D1_HC_Lc_N500__r01__local_auto__full rc=0 elapsed_sec=143.2
[2026-06-07 14:21:56 EDT] finished s3r_0040__LA_D1_HC_Gv_N500__r01__local_auto__screened rc=0 elapsed_sec=49.0
[2026-06-07 14:21:59 EDT] launched s3r_0045__LA_D1_HC_Gv_N500__r03__auto__full pid=70285
[2026-06-07 14:21:59 EDT] launched s3r_0046__LA_D1_HC_Gv_N500__r03__auto__screened pid=70286
[2026-06-07 14:22:09 EDT] finished s3r_0042__LA_D1_HC_Gv_N500__r02__auto__screened rc=0 elapsed_sec=27.9
[2026-06-07 14:22:12 EDT] launched s3r_0047__LA_D1_HC_Gv_N500__r03__local_auto__full pid=70305
[2026-06-07 14:22:16 EDT] finished s3r_0037__LA_D1_HC_Gv_N500__r01__auto__full rc=0 elapsed_sec=87.7
[2026-06-07 14:22:18 EDT] launched s3r_0048__LA_D1_HC_Gv_N500__r03__local_auto__screened pid=70317
[2026-06-07 14:22:20 EDT] finished s3r_0031__LA_D1_HC_Lc_N500__r02__local_auto__full rc=0 elapsed_sec=143.2
[2026-06-07 14:22:22 EDT] launched s3r_0049__LA_D1_HC_Bv_N500__r01__auto__full pid=70353
[2026-06-07 14:22:26 EDT] finished s3r_0046__LA_D1_HC_Gv_N500__r03__auto__screened rc=0 elapsed_sec=27.7
[2026-06-07 14:22:29 EDT] launched s3r_0050__LA_D1_HC_Bv_N500__r01__auto__screened pid=70362
[2026-06-07 14:22:48 EDT] finished s3r_0044__LA_D1_HC_Gv_N500__r02__local_auto__screened rc=0 elapsed_sec=51.4
[2026-06-07 14:22:50 EDT] launched s3r_0051__LA_D1_HC_Bv_N500__r01__local_auto__full pid=70384
[2026-06-07 14:22:50 EDT] finished s3r_0035__LA_D1_HC_Lc_N500__r03__local_auto__full rc=0 elapsed_sec=145.5
[2026-06-07 14:22:52 EDT] launched s3r_0052__LA_D1_HC_Bv_N500__r01__local_auto__screened pid=70422
[2026-06-07 14:22:54 EDT] finished s3r_0039__LA_D1_HC_Gv_N500__r01__local_auto__full rc=0 elapsed_sec=107.0
[2026-06-07 14:22:57 EDT] launched s3r_0053__LA_D1_HC_Bv_N500__r02__auto__full pid=70432
[2026-06-07 14:22:59 EDT] finished s3r_0041__LA_D1_HC_Gv_N500__r02__auto__full rc=0 elapsed_sec=90.1
[2026-06-07 14:23:01 EDT] launched s3r_0054__LA_D1_HC_Bv_N500__r02__auto__screened pid=70441
[2026-06-07 14:23:05 EDT] finished s3r_0050__LA_D1_HC_Bv_N500__r01__auto__screened rc=0 elapsed_sec=36.7
[2026-06-07 14:23:07 EDT] launched s3r_0055__LA_D1_HC_Bv_N500__r02__local_auto__full pid=70452
[2026-06-07 14:23:07 EDT] finished s3r_0048__LA_D1_HC_Gv_N500__r03__local_auto__screened rc=0 elapsed_sec=49.5
[2026-06-07 14:23:09 EDT] launched s3r_0056__LA_D1_HC_Bv_N500__r02__local_auto__screened pid=70462
[2026-06-07 14:23:27 EDT] finished s3r_0045__LA_D1_HC_Gv_N500__r03__auto__full rc=0 elapsed_sec=88.0
[2026-06-07 14:23:29 EDT] launched s3r_0057__LA_D1_HC_Bv_N500__r03__auto__full pid=70531
[2026-06-07 14:23:35 EDT] finished s3r_0043__LA_D1_HC_Gv_N500__r02__local_auto__full rc=0 elapsed_sec=109.5
[2026-06-07 14:23:35 EDT] finished s3r_0054__LA_D1_HC_Bv_N500__r02__auto__screened rc=0 elapsed_sec=34.4
[2026-06-07 14:23:38 EDT] launched s3r_0058__LA_D1_HC_Bv_N500__r03__auto__screened pid=70551
[2026-06-07 14:23:38 EDT] launched s3r_0059__LA_D1_HC_Bv_N500__r03__local_auto__full pid=70552
[2026-06-07 14:23:46 EDT] finished s3r_0052__LA_D1_HC_Bv_N500__r01__local_auto__screened rc=0 elapsed_sec=53.9
[2026-06-07 14:23:48 EDT] launched s3r_0060__LA_D1_HC_Bv_N500__r03__local_auto__screened pid=70568
[2026-06-07 14:24:01 EDT] finished s3r_0047__LA_D1_HC_Gv_N500__r03__local_auto__full rc=0 elapsed_sec=109.3
[2026-06-07 14:24:03 EDT] launched s3r_0061__LA_D2_RAW_N500__r01__auto__full pid=70619
[2026-06-07 14:24:03 EDT] finished s3r_0056__LA_D1_HC_Bv_N500__r02__local_auto__screened rc=0 elapsed_sec=53.6
[2026-06-07 14:24:05 EDT] launched s3r_0062__LA_D2_RAW_N500__r01__auto__screened pid=70629
[2026-06-07 14:24:12 EDT] finished s3r_0058__LA_D1_HC_Bv_N500__r03__auto__screened rc=0 elapsed_sec=34.2
[2026-06-07 14:24:14 EDT] launched s3r_0063__LA_D2_RAW_N500__r01__local_auto__full pid=70640
[2026-06-07 14:24:29 EDT] finished s3r_0049__LA_D1_HC_Bv_N500__r01__auto__full rc=0 elapsed_sec=126.7
[2026-06-07 14:24:31 EDT] launched s3r_0064__LA_D2_RAW_N500__r01__local_auto__screened pid=70692
[2026-06-07 14:24:42 EDT] finished s3r_0060__LA_D1_HC_Bv_N500__r03__local_auto__screened rc=0 elapsed_sec=53.4
[2026-06-07 14:24:44 EDT] launched s3r_0065__LA_D2_RAW_N500__r02__auto__full pid=70708
[2026-06-07 14:25:05 EDT] finished s3r_0051__LA_D1_HC_Bv_N500__r01__local_auto__full rc=0 elapsed_sec=134.7
[2026-06-07 14:25:05 EDT] finished s3r_0053__LA_D1_HC_Bv_N500__r02__auto__full rc=0 elapsed_sec=128.1
[2026-06-07 14:25:07 EDT] launched s3r_0066__LA_D2_RAW_N500__r02__auto__screened pid=70759
[2026-06-07 14:25:07 EDT] launched s3r_0067__LA_D2_RAW_N500__r02__local_auto__full pid=70760
[2026-06-07 14:25:22 EDT] finished s3r_0055__LA_D1_HC_Bv_N500__r02__local_auto__full rc=0 elapsed_sec=134.6
[2026-06-07 14:25:24 EDT] launched s3r_0068__LA_D2_RAW_N500__r02__local_auto__screened pid=70811
[2026-06-07 14:25:39 EDT] finished s3r_0057__LA_D1_HC_Bv_N500__r03__auto__full rc=0 elapsed_sec=130.3
[2026-06-07 14:25:41 EDT] launched s3r_0069__LA_D2_RAW_N500__r03__auto__full pid=70833
[2026-06-07 14:25:54 EDT] finished s3r_0059__LA_D1_HC_Bv_N500__r03__local_auto__full rc=0 elapsed_sec=136.6
[2026-06-07 14:25:56 EDT] launched s3r_0070__LA_D2_RAW_N500__r03__auto__screened pid=70882
[2026-06-07 14:27:50 EDT] finished s3r_0064__LA_D2_RAW_N500__r01__local_auto__screened rc=0 elapsed_sec=198.7
[2026-06-07 14:27:52 EDT] launched s3r_0071__LA_D2_RAW_N500__r03__local_auto__full pid=71102
[2026-06-07 14:28:49 EDT] finished s3r_0068__LA_D2_RAW_N500__r02__local_auto__screened rc=0 elapsed_sec=205.2
[2026-06-07 14:28:52 EDT] launched s3r_0072__LA_D2_RAW_N500__r03__local_auto__screened pid=71342
[2026-06-07 14:30:57 EDT] finished s3r_0062__LA_D2_RAW_N500__r01__auto__screened rc=0 elapsed_sec=411.9
[2026-06-07 14:30:59 EDT] launched s3r_0073__LA_D2_HC_TOP1_N500__r01__auto__full pid=71589
[2026-06-07 14:32:04 EDT] finished s3r_0066__LA_D2_RAW_N500__r02__auto__screened rc=0 elapsed_sec=416.6
[2026-06-07 14:32:06 EDT] launched s3r_0074__LA_D2_HC_TOP1_N500__r01__auto__screened pid=71703
[2026-06-07 14:32:25 EDT] finished s3r_0072__LA_D2_RAW_N500__r03__local_auto__screened rc=0 elapsed_sec=213.5
[2026-06-07 14:32:27 EDT] launched s3r_0075__LA_D2_HC_TOP1_N500__r01__local_auto__full pid=71759
[2026-06-07 14:32:55 EDT] finished s3r_0070__LA_D2_RAW_N500__r03__auto__screened rc=0 elapsed_sec=418.9
[2026-06-07 14:32:57 EDT] launched s3r_0076__LA_D2_HC_TOP1_N500__r01__local_auto__screened pid=71836
[2026-06-07 14:33:51 EDT] finished s3r_0074__LA_D2_HC_TOP1_N500__r01__auto__screened rc=0 elapsed_sec=105.0
[2026-06-07 14:33:53 EDT] launched s3r_0077__LA_D2_HC_TOP1_N500__r02__auto__full pid=71970
[2026-06-07 14:35:42 EDT] finished s3r_0076__LA_D2_HC_TOP1_N500__r01__local_auto__screened rc=0 elapsed_sec=164.3
[2026-06-07 14:35:44 EDT] launched s3r_0078__LA_D2_HC_TOP1_N500__r02__auto__screened pid=72131
[2026-06-07 14:37:22 EDT] finished s3r_0063__LA_D2_RAW_N500__r01__local_auto__full rc=0 elapsed_sec=788.0
[2026-06-07 14:37:24 EDT] launched s3r_0079__LA_D2_HC_TOP1_N500__r02__local_auto__full pid=72296
[2026-06-07 14:37:30 EDT] finished s3r_0078__LA_D2_HC_TOP1_N500__r02__auto__screened rc=0 elapsed_sec=106.5
[2026-06-07 14:37:33 EDT] launched s3r_0080__LA_D2_HC_TOP1_N500__r02__local_auto__screened pid=72317
[2026-06-07 14:38:15 EDT] finished s3r_0073__LA_D2_HC_TOP1_N500__r01__auto__full rc=0 elapsed_sec=435.9
[2026-06-07 14:38:17 EDT] launched s3r_0081__LA_D2_HC_TOP1_N500__r03__auto__full pid=72405
[2026-06-07 14:38:43 EDT] finished s3r_0061__LA_D2_RAW_N500__r01__auto__full rc=0 elapsed_sec=879.9
[2026-06-07 14:38:45 EDT] launched s3r_0082__LA_D2_HC_TOP1_N500__r03__auto__screened pid=72449
[2026-06-07 14:39:24 EDT] finished s3r_0067__LA_D2_RAW_N500__r02__local_auto__full rc=0 elapsed_sec=856.7
[2026-06-07 14:39:26 EDT] launched s3r_0083__LA_D2_HC_TOP1_N500__r03__local_auto__full pid=72554
[2026-06-07 14:40:11 EDT] finished s3r_0080__LA_D2_HC_TOP1_N500__r02__local_auto__screened rc=0 elapsed_sec=158.3
[2026-06-07 14:40:13 EDT] launched s3r_0084__LA_D2_HC_TOP1_N500__r03__local_auto__screened pid=72610
[2026-06-07 14:40:24 EDT] finished s3r_0065__LA_D2_RAW_N500__r02__auto__full rc=0 elapsed_sec=940.0
[2026-06-07 14:40:26 EDT] launched s3r_0085__LA_D3_RAW_N500__r01__auto__full pid=72648
[2026-06-07 14:40:28 EDT] finished s3r_0082__LA_D2_HC_TOP1_N500__r03__auto__screened rc=0 elapsed_sec=103.0
[2026-06-07 14:40:30 EDT] launched s3r_0086__LA_D3_RAW_N500__r01__auto__screened pid=72657
[2026-06-07 14:41:24 EDT] finished s3r_0069__LA_D2_RAW_N500__r03__auto__full rc=0 elapsed_sec=942.3
[2026-06-07 14:41:26 EDT] launched s3r_0087__LA_D3_RAW_N500__r01__local_auto__full pid=72779
[2026-06-07 14:41:37 EDT] finished s3r_0077__LA_D2_HC_TOP1_N500__r02__auto__full rc=0 elapsed_sec=463.6
[2026-06-07 14:41:39 EDT] launched s3r_0088__LA_D3_RAW_N500__r01__local_auto__screened pid=72792
[2026-06-07 14:42:19 EDT] finished s3r_0071__LA_D2_RAW_N500__r03__local_auto__full rc=0 elapsed_sec=867.6
[2026-06-07 14:42:21 EDT] launched s3r_0089__LA_D3_RAW_N500__r02__auto__full pid=72859
[2026-06-07 14:42:32 EDT] finished s3r_0075__LA_D2_HC_TOP1_N500__r01__local_auto__full rc=0 elapsed_sec=604.8
[2026-06-07 14:42:34 EDT] launched s3r_0090__LA_D3_RAW_N500__r02__auto__screened pid=72878
[2026-06-07 14:42:49 EDT] finished s3r_0084__LA_D2_HC_TOP1_N500__r03__local_auto__screened rc=0 elapsed_sec=156.2
[2026-06-07 14:42:51 EDT] launched s3r_0091__LA_D3_RAW_N500__r02__local_auto__full pid=72915
[2026-06-07 14:43:56 EDT] finished s3r_0086__LA_D3_RAW_N500__r01__auto__screened rc=0 elapsed_sec=205.3
[2026-06-07 14:43:58 EDT] launched s3r_0092__LA_D3_RAW_N500__r02__local_auto__screened pid=72998
[2026-06-07 14:45:04 EDT] finished s3r_0088__LA_D3_RAW_N500__r01__local_auto__screened rc=0 elapsed_sec=205.2
[2026-06-07 14:45:06 EDT] launched s3r_0093__LA_D3_RAW_N500__r03__auto__full pid=73187
[2026-06-07 14:45:40 EDT] finished s3r_0081__LA_D2_HC_TOP1_N500__r03__auto__full rc=0 elapsed_sec=442.6
[2026-06-07 14:45:42 EDT] launched s3r_0094__LA_D3_RAW_N500__r03__auto__screened pid=73233
[2026-06-07 14:46:36 EDT] finished s3r_0079__LA_D2_HC_TOP1_N500__r02__local_auto__full rc=0 elapsed_sec=551.7
[2026-06-07 14:46:38 EDT] launched s3r_0095__LA_D3_RAW_N500__r03__local_auto__full pid=73339
[2026-06-07 14:46:40 EDT] finished s3r_0090__LA_D3_RAW_N500__r02__auto__screened rc=0 elapsed_sec=245.8
[2026-06-07 14:46:42 EDT] launched s3r_0096__LA_D3_RAW_N500__r03__local_auto__screened pid=73352
[2026-06-07 14:47:21 EDT] finished s3r_0092__LA_D3_RAW_N500__r02__local_auto__screened rc=0 elapsed_sec=203.2
[2026-06-07 14:47:23 EDT] launched s3r_0097__LA_13K_SUB_N500__r01__auto__full pid=73446
[2026-06-07 14:48:36 EDT] finished s3r_0094__LA_D3_RAW_N500__r03__auto__screened rc=0 elapsed_sec=173.4
[2026-06-07 14:48:38 EDT] launched s3r_0098__LA_13K_SUB_N500__r01__auto__screened pid=73606
[2026-06-07 14:48:50 EDT] finished s3r_0083__LA_D2_HC_TOP1_N500__r03__local_auto__full rc=0 elapsed_sec=564.3
[2026-06-07 14:48:52 EDT] launched s3r_0099__LA_13K_SUB_N500__r01__local_auto__full pid=73658
[2026-06-07 14:50:09 EDT] finished s3r_0096__LA_D3_RAW_N500__r03__local_auto__screened rc=0 elapsed_sec=206.6
[2026-06-07 14:50:11 EDT] launched s3r_0100__LA_13K_SUB_N500__r01__local_auto__screened pid=73763
[2026-06-07 14:51:03 EDT] finished s3r_0085__LA_D3_RAW_N500__r01__auto__full rc=0 elapsed_sec=636.8
[2026-06-07 14:51:05 EDT] launched s3r_0101__LA_13K_SUB_N500__r02__auto__full pid=73862
[2026-06-07 14:52:25 EDT] finished s3r_0089__LA_D3_RAW_N500__r02__auto__full rc=0 elapsed_sec=604.0
[2026-06-07 14:52:28 EDT] launched s3r_0102__LA_13K_SUB_N500__r02__auto__screened pid=73995
[2026-06-07 14:54:23 EDT] finished s3r_0087__LA_D3_RAW_N500__r01__local_auto__full rc=0 elapsed_sec=777.3
[2026-06-07 14:54:25 EDT] launched s3r_0103__LA_13K_SUB_N500__r02__local_auto__full pid=74147
[2026-06-07 14:56:25 EDT] finished s3r_0091__LA_D3_RAW_N500__r02__local_auto__full rc=0 elapsed_sec=813.7
[2026-06-07 14:56:27 EDT] launched s3r_0104__LA_13K_SUB_N500__r02__local_auto__screened pid=74376
[2026-06-07 14:56:53 EDT] finished s3r_0093__LA_D3_RAW_N500__r03__auto__full rc=0 elapsed_sec=706.9
[2026-06-07 14:56:55 EDT] launched s3r_0105__LA_13K_SUB_N500__r03__auto__full pid=74423
[2026-06-07 15:00:22 EDT] finished s3r_0095__LA_D3_RAW_N500__r03__local_auto__full rc=0 elapsed_sec=824.5
[2026-06-07 15:00:25 EDT] launched s3r_0106__LA_13K_SUB_N500__r03__auto__screened pid=74700
[2026-06-07 15:11:14 EDT] finished s3r_0100__LA_13K_SUB_N500__r01__local_auto__screened rc=0 elapsed_sec=1262.7
[2026-06-07 15:11:16 EDT] launched s3r_0107__LA_13K_SUB_N500__r03__local_auto__full pid=81821
[2026-06-07 15:12:14 EDT] finished s3r_0098__LA_13K_SUB_N500__r01__auto__screened rc=0 elapsed_sec=1416.3
[2026-06-07 15:12:16 EDT] launched s3r_0108__LA_13K_SUB_N500__r03__local_auto__screened pid=83972
[2026-06-07 15:17:40 EDT] finished s3r_0104__LA_13K_SUB_N500__r02__local_auto__screened rc=0 elapsed_sec=1272.2
[2026-06-07 15:17:42 EDT] launched s3r_0109__SYN_PARA_LINE_N500__r01__auto__full pid=85277
[2026-06-07 15:18:01 EDT] finished s3r_0099__LA_13K_SUB_N500__r01__local_auto__full rc=0 elapsed_sec=1748.6
[2026-06-07 15:18:03 EDT] launched s3r_0110__SYN_PARA_LINE_N500__r01__auto__screened pid=85338
[2026-06-07 15:19:00 EDT] finished s3r_0102__LA_13K_SUB_N500__r02__auto__screened rc=0 elapsed_sec=1592.3
[2026-06-07 15:19:02 EDT] launched s3r_0111__SYN_PARA_LINE_N500__r01__local_auto__full pid=85474
[2026-06-07 15:19:29 EDT] finished s3r_0110__SYN_PARA_LINE_N500__r01__auto__screened rc=0 elapsed_sec=85.7
[2026-06-07 15:19:31 EDT] launched s3r_0112__SYN_PARA_LINE_N500__r01__local_auto__screened pid=86321
[2026-06-07 15:19:43 EDT] finished s3r_0097__LA_13K_SUB_N500__r01__auto__full rc=0 elapsed_sec=1940.1
[2026-06-07 15:19:45 EDT] launched s3r_0113__SYN_PARA_LINE_N500__r02__auto__full pid=87059
[2026-06-07 15:20:02 EDT] finished s3r_0109__SYN_PARA_LINE_N500__r01__auto__full rc=0 elapsed_sec=140.0
[2026-06-07 15:20:04 EDT] launched s3r_0114__SYN_PARA_LINE_N500__r02__auto__screened pid=87288
[2026-06-07 15:21:51 EDT] finished s3r_0114__SYN_PARA_LINE_N500__r02__auto__screened rc=0 elapsed_sec=107.6
[2026-06-07 15:21:54 EDT] launched s3r_0115__SYN_PARA_LINE_N500__r02__local_auto__full pid=93030
[2026-06-07 15:21:58 EDT] finished s3r_0112__SYN_PARA_LINE_N500__r01__local_auto__screened rc=0 elapsed_sec=146.8
[2026-06-07 15:22:00 EDT] launched s3r_0116__SYN_PARA_LINE_N500__r02__local_auto__screened pid=93051
[2026-06-07 15:22:18 EDT] finished s3r_0111__SYN_PARA_LINE_N500__r01__local_auto__full rc=0 elapsed_sec=196.5
[2026-06-07 15:22:21 EDT] launched s3r_0117__SYN_PARA_LINE_N500__r03__auto__full pid=93071
[2026-06-07 15:22:37 EDT] finished s3r_0113__SYN_PARA_LINE_N500__r02__auto__full rc=0 elapsed_sec=171.8
[2026-06-07 15:22:39 EDT] launched s3r_0118__SYN_PARA_LINE_N500__r03__auto__screened pid=93091
[2026-06-07 15:24:39 EDT] finished s3r_0101__LA_13K_SUB_N500__r02__auto__full rc=0 elapsed_sec=2014.2
[2026-06-07 15:24:39 EDT] finished s3r_0118__SYN_PARA_LINE_N500__r03__auto__screened rc=0 elapsed_sec=119.8
[2026-06-07 15:24:41 EDT] launched s3r_0119__SYN_PARA_LINE_N500__r03__local_auto__full pid=93943
[2026-06-07 15:24:41 EDT] launched s3r_0120__SYN_PARA_LINE_N500__r03__local_auto__screened pid=93944
[2026-06-07 15:24:51 EDT] finished s3r_0116__SYN_PARA_LINE_N500__r02__local_auto__screened rc=0 elapsed_sec=171.7
[2026-06-07 15:24:54 EDT] launched s3r_0121__SYN_SADDLE_LINE_N500__r01__auto__full pid=93990
[2026-06-07 15:25:10 EDT] finished s3r_0103__LA_13K_SUB_N500__r02__local_auto__full rc=0 elapsed_sec=1844.7
[2026-06-07 15:25:12 EDT] launched s3r_0122__SYN_SADDLE_LINE_N500__r01__auto__screened pid=94026
[2026-06-07 15:25:16 EDT] finished s3r_0117__SYN_PARA_LINE_N500__r03__auto__full rc=0 elapsed_sec=175.7
[2026-06-07 15:25:18 EDT] launched s3r_0123__SYN_SADDLE_LINE_N500__r01__local_auto__full pid=94037
[2026-06-07 15:25:20 EDT] finished s3r_0115__SYN_PARA_LINE_N500__r02__local_auto__full rc=0 elapsed_sec=206.9
[2026-06-07 15:25:23 EDT] launched s3r_0124__SYN_SADDLE_LINE_N500__r01__local_auto__screened pid=94082
[2026-06-07 15:26:39 EDT] finished s3r_0122__SYN_SADDLE_LINE_N500__r01__auto__screened rc=0 elapsed_sec=86.8
[2026-06-07 15:26:41 EDT] launched s3r_0125__SYN_SADDLE_LINE_N500__r02__auto__full pid=95159
[2026-06-07 15:26:53 EDT] finished s3r_0120__SYN_PARA_LINE_N500__r03__local_auto__screened rc=0 elapsed_sec=132.2
[2026-06-07 15:26:55 EDT] launched s3r_0126__SYN_SADDLE_LINE_N500__r02__auto__screened pid=99981
[2026-06-07 15:27:22 EDT] finished s3r_0121__SYN_SADDLE_LINE_N500__r01__auto__full rc=0 elapsed_sec=148.6
[2026-06-07 15:27:24 EDT] launched s3r_0127__SYN_SADDLE_LINE_N500__r02__local_auto__full pid=1276
[2026-06-07 15:27:29 EDT] finished s3r_0106__LA_13K_SUB_N500__r03__auto__screened rc=0 elapsed_sec=1623.9
[2026-06-07 15:27:31 EDT] launched s3r_0128__SYN_SADDLE_LINE_N500__r02__local_auto__screened pid=1289
[2026-06-07 15:27:31 EDT] finished s3r_0119__SYN_PARA_LINE_N500__r03__local_auto__full rc=0 elapsed_sec=169.4
[2026-06-07 15:27:31 EDT] finished s3r_0124__SYN_SADDLE_LINE_N500__r01__local_auto__screened rc=0 elapsed_sec=128.1
[2026-06-07 15:27:33 EDT] launched s3r_0129__SYN_SADDLE_LINE_N500__r03__auto__full pid=1297
[2026-06-07 15:27:33 EDT] launched s3r_0130__SYN_SADDLE_LINE_N500__r03__auto__screened pid=1298
[2026-06-07 15:28:04 EDT] finished s3r_0123__SYN_SADDLE_LINE_N500__r01__local_auto__full rc=0 elapsed_sec=165.3
[2026-06-07 15:28:06 EDT] launched s3r_0131__SYN_SADDLE_LINE_N500__r03__local_auto__full pid=2461
[2026-06-07 15:28:29 EDT] finished s3r_0126__SYN_SADDLE_LINE_N500__r02__auto__screened rc=0 elapsed_sec=93.3
[2026-06-07 15:28:31 EDT] launched s3r_0132__SYN_SADDLE_LINE_N500__r03__local_auto__screened pid=2657
[2026-06-07 15:29:00 EDT] finished s3r_0125__SYN_SADDLE_LINE_N500__r02__auto__full rc=0 elapsed_sec=138.7
[2026-06-07 15:29:02 EDT] launched s3r_0133__SYN_TWO_PLANES_N600__r01__auto__full pid=2712
[2026-06-07 15:29:02 EDT] finished s3r_0130__SYN_SADDLE_LINE_N500__r03__auto__screened rc=0 elapsed_sec=89.0
[2026-06-07 15:29:04 EDT] launched s3r_0134__SYN_TWO_PLANES_N600__r01__auto__screened pid=2721
[2026-06-07 15:29:20 EDT] finished s3r_0128__SYN_SADDLE_LINE_N500__r02__local_auto__screened rc=0 elapsed_sec=109.8
[2026-06-07 15:29:22 EDT] launched s3r_0135__SYN_TWO_PLANES_N600__r01__local_auto__full pid=2764
[2026-06-07 15:29:45 EDT] finished s3r_0129__SYN_SADDLE_LINE_N500__r03__auto__full rc=0 elapsed_sec=132.5
[2026-06-07 15:29:47 EDT] launched s3r_0136__SYN_TWO_PLANES_N600__r01__local_auto__screened pid=2785
[2026-06-07 15:29:49 EDT] finished s3r_0127__SYN_SADDLE_LINE_N500__r02__local_auto__full rc=0 elapsed_sec=145.1
[2026-06-07 15:29:52 EDT] launched s3r_0137__SYN_TWO_PLANES_N600__r02__auto__full pid=2823
[2026-06-07 15:30:16 EDT] finished s3r_0132__SYN_SADDLE_LINE_N500__r03__local_auto__screened rc=0 elapsed_sec=105.6
[2026-06-07 15:30:18 EDT] launched s3r_0138__SYN_TWO_PLANES_N600__r02__auto__screened pid=2892
[2026-06-07 15:30:35 EDT] finished s3r_0131__SYN_SADDLE_LINE_N500__r03__local_auto__full rc=0 elapsed_sec=149.1
[2026-06-07 15:30:37 EDT] launched s3r_0139__SYN_TWO_PLANES_N600__r02__local_auto__full pid=2938
[2026-06-07 15:30:37 EDT] finished s3r_0134__SYN_TWO_PLANES_N600__r01__auto__screened rc=0 elapsed_sec=93.3
[2026-06-07 15:30:39 EDT] launched s3r_0140__SYN_TWO_PLANES_N600__r02__local_auto__screened pid=2947
[2026-06-07 15:30:56 EDT] finished s3r_0105__LA_13K_SUB_N500__r03__auto__full rc=0 elapsed_sec=2040.7
[2026-06-07 15:30:58 EDT] launched s3r_0141__SYN_TWO_PLANES_N600__r03__auto__full pid=3454
