sample.interval=10000
"readRDS" "prepare.profile.case" "profile.case" 
"gc" "time.block" "profile.case" 
"gc" "time.block" "profile.case" 
"gc" "time.block" "profile.case" 
"gc" "time.block" "profile.case" 
"gc" "time.block" "profile.case" 
"gc" "time.block" "profile.case" 
"gc" "time.block" "profile.case" 
"matrix" "is.data.frame" "rowSums" ".klp.local.order" ".ps.lps.prepare.frames" "force" "time.block" "profile.case" 
".Call" "rcpp_local_pca_chart" ".klp.local.coordinates" ".ps.lps.prepare.frames" "force" "time.block" "profile.case" 
"matrix" "is.data.frame" "rowSums" ".klp.local.order" ".ps.lps.prepare.frames" "force" "time.block" "profile.case" 
"matrix" "is.data.frame" "rowSums" ".klp.local.order" ".ps.lps.prepare.frames" "force" "time.block" "profile.case" 
"matrix" "is.data.frame" "rowSums" ".klp.local.order" ".ps.lps.prepare.frames" "force" "time.block" "profile.case" 
"matrix" "is.data.frame" "rowSums" ".klp.local.order" ".ps.lps.prepare.frames" "force" "time.block" "profile.case" 
".Call" "rcpp_local_pca_chart" ".klp.local.coordinates" ".ps.lps.prepare.frames" "force" "time.block" "profile.case" 
"matrix" "is.data.frame" "rowSums" ".klp.local.order" ".ps.lps.prepare.frames" "force" "time.block" "profile.case" 
"matrix" "is.data.frame" "rowSums" ".klp.local.order" ".ps.lps.prepare.frames" "force" "time.block" "profile.case" 
"matrix" "is.data.frame" "rowSums" ".klp.local.order" ".ps.lps.prepare.frames" "force" "time.block" "profile.case" 
".Call" "rcpp_local_pca_chart" ".klp.local.coordinates" ".ps.lps.prepare.frames" "force" "time.block" "profile.case" 
".Call" "rcpp_local_pca_chart" ".klp.local.coordinates" ".ps.lps.prepare.frames" "force" "time.block" "profile.case" 
".Call" "rcpp_local_pca_chart" ".klp.local.coordinates" ".ps.lps.prepare.frames" "force" "time.block" "profile.case" 
".Call" "rcpp_local_pca_chart" ".klp.local.coordinates" ".ps.lps.prepare.frames" "force" "time.block" "profile.case" 
"matrix" "is.data.frame" "rowSums" ".klp.local.order" ".ps.lps.prepare.frames" "force" "time.block" "profile.case" 
".Call" "rcpp_local_pca_chart" ".klp.local.coordinates" ".ps.lps.prepare.frames" "force" "time.block" "profile.case" 
"matrix" "is.data.frame" "rowSums" ".klp.local.order" ".ps.lps.prepare.frames" "force" "time.block" "profile.case" 
"matrix" "is.data.frame" "rowSums" ".klp.local.order" ".ps.lps.prepare.frames" "force" "time.block" "profile.case" 
".Call" "rcpp_local_pca_chart" ".klp.local.coordinates" ".ps.lps.prepare.frames" "force" "time.block" "profile.case" 
"matrix" "is.data.frame" "rowSums" ".klp.local.order" ".ps.lps.prepare.frames" "force" "time.block" "profile.case" 
".Call" "rcpp_local_pca_chart" ".klp.local.coordinates" ".ps.lps.prepare.frames" "force" "time.block" "profile.case" 
"matrix" "is.data.frame" "rowSums" ".klp.local.order" ".ps.lps.prepare.frames" "force" "time.block" "profile.case" 
".Call" "rcpp_local_pca_chart" ".klp.local.coordinates" ".ps.lps.prepare.frames" "force" "time.block" "profile.case" 
"matrix" "is.data.frame" "rowSums" ".klp.local.order" ".ps.lps.prepare.frames" "force" "time.block" "profile.case" 
"aperm.default" "aperm" "sweep" ".klp.local.coordinates" ".ps.lps.prepare.frames" "force" "time.block" "profile.case" 
".Call" "rcpp_local_pca_chart" ".klp.local.coordinates" ".ps.lps.prepare.frames" "force" "time.block" "profile.case" 
"matrix" "is.data.frame" "rowSums" ".klp.local.order" ".ps.lps.prepare.frames" "force" "time.block" "profile.case" 
"matrix" "is.data.frame" "rowSums" ".klp.local.order" ".ps.lps.prepare.frames" "force" "time.block" "profile.case" 
".Call" "rcpp_local_pca_chart" ".klp.local.coordinates" ".ps.lps.prepare.frames" "force" "time.block" "profile.case" 
"matrix" "is.data.frame" "rowSums" ".klp.local.order" ".ps.lps.prepare.frames" "force" "time.block" "profile.case" 
"matrix" "is.data.frame" "rowSums" ".klp.local.order" ".ps.lps.prepare.frames" "force" "time.block" "profile.case" 
"matrix" "is.data.frame" "rowSums" ".klp.local.order" ".ps.lps.prepare.frames" "force" "time.block" "profile.case" 
".Call" "rcpp_local_pca_chart" ".klp.local.coordinates" ".ps.lps.prepare.frames" "force" "time.block" "profile.case" 
".Call" "rcpp_local_pca_chart" ".klp.local.coordinates" ".ps.lps.prepare.frames" "force" "time.block" "profile.case" 
".Call" "rcpp_local_pca_chart" ".klp.local.coordinates" ".ps.lps.prepare.frames" "force" "time.block" "profile.case" 
".Call" "rcpp_local_pca_chart" ".klp.local.coordinates" ".ps.lps.prepare.frames" "force" "time.block" "profile.case" 
".Call" "rcpp_local_pca_chart" ".klp.local.coordinates" ".ps.lps.prepare.frames" "force" "time.block" "profile.case" 
"matrix" "is.data.frame" "rowSums" ".klp.local.order" ".ps.lps.prepare.frames" "force" "time.block" "profile.case" 
".Call" "rcpp_local_pca_chart" ".klp.local.coordinates" ".ps.lps.prepare.frames" "force" "time.block" "profile.case" 
".Call" "rcpp_local_pca_chart" ".klp.local.coordinates" ".ps.lps.prepare.frames" "force" "time.block" "profile.case" 
"order" "aperm.default" "aperm" "sweep" ".klp.local.coordinates" ".ps.lps.prepare.frames" "force" "time.block" "profile.case" 
".Call" "rcpp_local_pca_chart" ".klp.local.coordinates" ".ps.lps.prepare.frames" "force" "time.block" "profile.case" 
"aperm.default" "aperm" "sweep" ".klp.local.coordinates" ".ps.lps.prepare.frames" "force" "time.block" "profile.case" 
".local.polynomial.design.matrix" ".ps.lps.prepare.frames" "force" "time.block" "profile.case" 
".Call" "rcpp_local_pca_chart" ".klp.local.coordinates" ".ps.lps.prepare.frames" "force" "time.block" "profile.case" 
"matrix" "is.data.frame" "rowSums" ".klp.local.order" ".ps.lps.prepare.frames" "force" "time.block" "profile.case" 
".Call" "rcpp_local_pca_chart" ".klp.local.coordinates" ".ps.lps.prepare.frames" "force" "time.block" "profile.case" 
"matrix" "is.data.frame" "rowSums" ".klp.local.order" ".ps.lps.prepare.frames" "force" "time.block" "profile.case" 
".Call" "rcpp_local_pca_chart" ".klp.local.coordinates" ".ps.lps.prepare.frames" "force" "time.block" "profile.case" 
".Call" "rcpp_local_pca_chart" ".klp.local.coordinates" ".ps.lps.prepare.frames" "force" "time.block" "profile.case" 
".Call" "rcpp_local_pca_chart" ".klp.local.coordinates" ".ps.lps.prepare.frames" "force" "time.block" "profile.case" 
"matrix" "is.data.frame" "rowSums" ".klp.local.order" ".ps.lps.prepare.frames" "force" "time.block" "profile.case" 
"matrix" "is.data.frame" "rowSums" ".klp.local.order" ".ps.lps.prepare.frames" "force" "time.block" "profile.case" 
"matrix" "is.data.frame" "rowSums" ".klp.local.order" ".ps.lps.prepare.frames" "force" "time.block" "profile.case" 
".Call" "rcpp_local_pca_chart" ".klp.local.coordinates" ".ps.lps.prepare.frames" "force" "time.block" "profile.case" 
".Call" "rcpp_local_pca_chart" ".klp.local.coordinates" ".ps.lps.prepare.frames" "force" "time.block" "profile.case" 
".Call" "rcpp_local_pca_chart" ".klp.local.coordinates" ".ps.lps.prepare.frames" "force" "time.block" "profile.case" 
".Call" "rcpp_local_pca_chart" ".klp.local.coordinates" ".ps.lps.prepare.frames" "force" "time.block" "profile.case" 
".Call" "rcpp_local_pca_chart" ".klp.local.coordinates" ".ps.lps.prepare.frames" "force" "time.block" "profile.case" 
".Call" "rcpp_local_pca_chart" ".klp.local.coordinates" ".ps.lps.prepare.frames" "force" "time.block" "profile.case" 
"matrix" "is.data.frame" "rowSums" ".klp.local.order" ".ps.lps.prepare.frames" "force" "time.block" "profile.case" 
".local.polynomial.design.matrix" ".ps.lps.prepare.frames" "force" "time.block" "profile.case" 
".Call" "rcpp_local_pca_chart" ".klp.local.coordinates" ".ps.lps.prepare.frames" "force" "time.block" "profile.case" 
"matrix" "is.data.frame" "rowSums" ".klp.local.order" ".ps.lps.prepare.frames" "force" "time.block" "profile.case" 
".local.polynomial.design.matrix" ".ps.lps.prepare.frames" "force" "time.block" "profile.case" 
".Call" "rcpp_local_pca_chart" ".klp.local.coordinates" ".ps.lps.prepare.frames" "force" "time.block" "profile.case" 
".Call" "rcpp_local_pca_chart" ".klp.local.coordinates" ".ps.lps.prepare.frames" "force" "time.block" "profile.case" 
"matrix" "is.data.frame" "rowSums" ".klp.local.order" ".ps.lps.prepare.frames" "force" "time.block" "profile.case" 
".Call" "rcpp_local_pca_chart" ".klp.local.coordinates" ".ps.lps.prepare.frames" "force" "time.block" "profile.case" 
".Call" "rcpp_local_pca_chart" ".klp.local.coordinates" ".ps.lps.prepare.frames" "force" "time.block" "profile.case" 
"matrix" "is.data.frame" "rowSums" ".klp.local.order" ".ps.lps.prepare.frames" "force" "time.block" "profile.case" 
".Call" "rcpp_local_pca_chart" ".klp.local.coordinates" ".ps.lps.prepare.frames" "force" "time.block" "profile.case" 
".Call" "rcpp_local_pca_chart" ".klp.local.coordinates" ".ps.lps.prepare.frames" "force" "time.block" "profile.case" 
".Call" "rcpp_local_pca_chart" ".klp.local.coordinates" ".ps.lps.prepare.frames" "force" "time.block" "profile.case" 
".Call" "rcpp_local_pca_chart" ".klp.local.coordinates" ".ps.lps.prepare.frames" "force" "time.block" "profile.case" 
"matrix" "is.data.frame" "rowSums" ".klp.local.order" ".ps.lps.prepare.frames" "force" "time.block" "profile.case" 
".Call" "rcpp_local_pca_chart" ".klp.local.coordinates" ".ps.lps.prepare.frames" "force" "time.block" "profile.case" 
".Call" "rcpp_local_pca_chart" ".klp.local.coordinates" ".ps.lps.prepare.frames" "force" "time.block" "profile.case" 
".Call" "rcpp_local_pca_chart" ".klp.local.coordinates" ".ps.lps.prepare.frames" "force" "time.block" "profile.case" 
".Call" "rcpp_local_pca_chart" ".klp.local.coordinates" ".ps.lps.prepare.frames" "force" "time.block" "profile.case" 
".Call" "rcpp_local_pca_chart" ".klp.local.coordinates" ".ps.lps.prepare.frames" "force" "time.block" "profile.case" 
".Call" "rcpp_local_pca_chart" ".klp.local.coordinates" ".ps.lps.prepare.frames" "force" "time.block" "profile.case" 
".Call" "rcpp_local_pca_chart" ".klp.local.coordinates" ".ps.lps.prepare.frames" "force" "time.block" "profile.case" 
".Call" "rcpp_local_pca_chart" ".klp.local.coordinates" ".ps.lps.prepare.frames" "force" "time.block" "profile.case" 
"matrix" "is.data.frame" "rowSums" ".klp.local.order" ".ps.lps.prepare.frames" "force" "time.block" "profile.case" 
".Call" "rcpp_local_pca_chart" ".klp.local.coordinates" ".ps.lps.prepare.frames" "force" "time.block" "profile.case" 
"matrix" "is.data.frame" "rowSums" ".klp.local.order" ".ps.lps.prepare.frames" "force" "time.block" "profile.case" 
".Call" "rcpp_local_pca_chart" ".klp.local.coordinates" ".ps.lps.prepare.frames" "force" "time.block" "profile.case" 
".Call" "rcpp_local_pca_chart" ".klp.local.coordinates" ".ps.lps.prepare.frames" "force" "time.block" "profile.case" 
".Call" "rcpp_local_pca_chart" ".klp.local.coordinates" ".ps.lps.prepare.frames" "force" "time.block" "profile.case" 
".Call" "rcpp_local_pca_chart" ".klp.local.coordinates" ".ps.lps.prepare.frames" "force" "time.block" "profile.case" 
"matrix" "is.data.frame" "rowSums" ".klp.local.order" ".ps.lps.prepare.frames" "force" "time.block" "profile.case" 
"matrix" "is.data.frame" "rowSums" ".klp.local.order" ".ps.lps.prepare.frames" "force" "time.block" "profile.case" 
".Call" "rcpp_local_pca_chart" ".klp.local.coordinates" ".ps.lps.prepare.frames" "force" "time.block" "profile.case" 
".Call" "rcpp_local_pca_chart" ".klp.local.coordinates" ".ps.lps.prepare.frames" "force" "time.block" "profile.case" 
".Call" "rcpp_local_pca_chart" ".klp.local.coordinates" ".ps.lps.prepare.frames" "force" "time.block" "profile.case" 
".Call" "rcpp_local_pca_chart" ".klp.local.coordinates" ".ps.lps.prepare.frames" "force" "time.block" "profile.case" 
".Call" "rcpp_local_pca_chart" ".klp.local.coordinates" ".ps.lps.prepare.frames" "force" "time.block" "profile.case" 
".Call" "rcpp_local_pca_chart" ".klp.local.coordinates" ".ps.lps.prepare.frames" "force" "time.block" "profile.case" 
".Call" "rcpp_local_pca_chart" ".klp.local.coordinates" ".ps.lps.prepare.frames" "force" "time.block" "profile.case" 
".Call" "rcpp_local_pca_chart" ".klp.local.coordinates" ".ps.lps.prepare.frames" "force" "time.block" "profile.case" 
"matrix" "is.data.frame" "rowSums" ".klp.local.order" ".ps.lps.prepare.frames" "force" "time.block" "profile.case" 
"matrix" "is.data.frame" "rowSums" ".klp.local.order" ".ps.lps.prepare.frames" "force" "time.block" "profile.case" 
"matrix" "is.data.frame" "rowSums" ".klp.local.order" ".ps.lps.prepare.frames" "force" "time.block" "profile.case" 
".Call" "rcpp_local_pca_chart" ".klp.local.coordinates" ".ps.lps.prepare.frames" "force" "time.block" "profile.case" 
".Call" "rcpp_local_pca_chart" ".klp.local.coordinates" ".ps.lps.prepare.frames" "force" "time.block" "profile.case" 
".Call" "rcpp_local_pca_chart" ".klp.local.coordinates" ".ps.lps.prepare.frames" "force" "time.block" "profile.case" 
".Call" "rcpp_local_pca_chart" ".klp.local.coordinates" ".ps.lps.prepare.frames" "force" "time.block" "profile.case" 
".local.polynomial.design.matrix" ".ps.lps.prepare.frames" "force" "time.block" "profile.case" 
"matrix" "is.data.frame" "rowSums" ".klp.local.order" ".ps.lps.prepare.frames" "force" "time.block" "profile.case" 
".Call" "rcpp_local_pca_chart" ".klp.local.coordinates" ".ps.lps.prepare.frames" "force" "time.block" "profile.case" 
".Call" "rcpp_local_pca_chart" ".klp.local.coordinates" ".ps.lps.prepare.frames" "force" "time.block" "profile.case" 
".Call" "rcpp_local_pca_chart" ".klp.local.coordinates" ".ps.lps.prepare.frames" "force" "time.block" "profile.case" 
".Call" "rcpp_local_pca_chart" ".klp.local.coordinates" ".ps.lps.prepare.frames" "force" "time.block" "profile.case" 
".Call" "rcpp_local_pca_chart" ".klp.local.coordinates" ".ps.lps.prepare.frames" "force" "time.block" "profile.case" 
".Call" "rcpp_local_pca_chart" ".klp.local.coordinates" ".ps.lps.prepare.frames" "force" "time.block" "profile.case" 
".Call" "rcpp_local_pca_chart" ".klp.local.coordinates" ".ps.lps.prepare.frames" "force" "time.block" "profile.case" 
"sweep" ".klp.local.coordinates" ".ps.lps.prepare.frames" "force" "time.block" "profile.case" 
".Call" "rcpp_local_pca_chart" ".klp.local.coordinates" ".ps.lps.prepare.frames" "force" "time.block" "profile.case" 
"matrix" "is.data.frame" "rowSums" ".klp.local.order" ".ps.lps.prepare.frames" "force" "time.block" "profile.case" 
".Call" "rcpp_local_pca_chart" ".klp.local.coordinates" ".ps.lps.prepare.frames" "force" "time.block" "profile.case" 
".Call" "rcpp_local_pca_chart" ".klp.local.coordinates" ".ps.lps.prepare.frames" "force" "time.block" "profile.case" 
".Call" "rcpp_local_pca_chart" ".klp.local.coordinates" ".ps.lps.prepare.frames" "force" "time.block" "profile.case" 
".Call" "rcpp_local_pca_chart" ".klp.local.coordinates" ".ps.lps.prepare.frames" "force" "time.block" "profile.case" 
"matrix" "is.data.frame" "rowSums" ".klp.local.order" ".ps.lps.prepare.frames" "force" "time.block" "profile.case" 
".local.polynomial.design.matrix" ".ps.lps.prepare.frames" "force" "time.block" "profile.case" 
".Call" "rcpp_local_pca_chart" ".klp.local.coordinates" ".ps.lps.prepare.frames" "force" "time.block" "profile.case" 
".Call" "rcpp_local_pca_chart" ".klp.local.coordinates" ".ps.lps.prepare.frames" "force" "time.block" "profile.case" 
"matrix" "is.data.frame" "rowSums" ".klp.local.order" ".ps.lps.prepare.frames" "force" "time.block" "profile.case" 
".Call" "rcpp_local_pca_chart" ".klp.local.coordinates" ".ps.lps.prepare.frames" "force" "time.block" "profile.case" 
".Call" "rcpp_local_pca_chart" ".klp.local.coordinates" ".ps.lps.prepare.frames" "force" "time.block" "profile.case" 
".Call" "rcpp_local_pca_chart" ".klp.local.coordinates" ".ps.lps.prepare.frames" "force" "time.block" "profile.case" 
"matrix" "is.data.frame" "rowSums" ".klp.local.order" ".ps.lps.prepare.frames" "force" "time.block" "profile.case" 
"gc" "time.block" "profile.case" 
"gc" "time.block" "profile.case" 
"gc" "time.block" "profile.case" 
"gc" "time.block" "profile.case" 
"gc" "time.block" "profile.case" 
"gc" "time.block" "profile.case" 
".ps.lps.prepare.sync.rows" "force" "time.block" "profile.case" 
"unique.default" "unique" "intersect" ".ps.lps.prepare.sync.rows" "force" "time.block" "profile.case" 
"unique.default" "unique" "intersect" ".ps.lps.prepare.sync.rows" "force" "time.block" "profile.case" 
"gc" "time.block" "profile.case" 
"gc" "time.block" "profile.case" 
"gc" "time.block" "profile.case" 
"gc" "time.block" "profile.case" 
"gc" "time.block" "profile.case" 
"seq.int" ".ps.lps.solve" "force" "time.block" "profile.case" 
".ps.lps.solve" "force" "time.block" "profile.case" 
".ps.lps.solve" "force" "time.block" "profile.case" 
".ps.lps.solve" "force" "time.block" "profile.case" 
".ps.lps.solve" "force" "time.block" "profile.case" 
".ps.lps.solve" "force" "time.block" "profile.case" 
".ps.lps.solve" "force" "time.block" "profile.case" 
".ps.lps.solve" "force" "time.block" "profile.case" 
".ps.lps.solve" "force" "time.block" "profile.case" 
".ps.lps.solve" "force" "time.block" "profile.case" 
".ps.lps.solve" "force" "time.block" "profile.case" 
".ps.lps.solve" "force" "time.block" "profile.case" 
"max" ".rangeNum" "range" "range" "cbind" "Matrix::sparseMatrix" ".ps.lps.solve" "force" "time.block" "profile.case" 
".M2C" "Matrix::sparseMatrix" ".ps.lps.solve" "force" "time.block" "profile.case" 
".M2C" "Matrix::sparseMatrix" ".ps.lps.solve" "force" "time.block" "profile.case" 
".Call" ".local" "Matrix::crossprod" "Matrix::crossprod" ".ps.lps.solve" "force" "time.block" "profile.case" 
".Call" ".local" "Matrix::crossprod" "Matrix::crossprod" ".ps.lps.solve" "force" "time.block" "profile.case" 
".Call" ".local" "Matrix::crossprod" "Matrix::crossprod" ".ps.lps.solve" "force" "time.block" "profile.case" 
".Call" ".local" "Matrix::crossprod" "Matrix::crossprod" ".ps.lps.solve" "force" "time.block" "profile.case" 
".Call" ".local" "Matrix::crossprod" "Matrix::crossprod" ".ps.lps.solve" "force" "time.block" "profile.case" 
".Call" ".local" "Matrix::crossprod" "Matrix::crossprod" ".ps.lps.solve" "force" "time.block" "profile.case" 
".Call" ".local" "Matrix::crossprod" "Matrix::crossprod" ".ps.lps.solve" "force" "time.block" "profile.case" 
".Call" ".local" "Matrix::crossprod" "Matrix::crossprod" ".ps.lps.solve" "force" "time.block" "profile.case" 
".Call" ".local" "Matrix::crossprod" "Matrix::crossprod" ".ps.lps.solve" "force" "time.block" "profile.case" 
".Call" ".local" "Matrix::crossprod" "Matrix::crossprod" ".ps.lps.solve" "force" "time.block" "profile.case" 
".Call" ".local" "Matrix::crossprod" "Matrix::crossprod" ".ps.lps.solve" "force" "time.block" "profile.case" 
".Call" ".local" "Matrix::crossprod" "Matrix::crossprod" ".ps.lps.solve" "force" "time.block" "profile.case" 
".Call" ".local" "Matrix::crossprod" "Matrix::crossprod" ".ps.lps.solve" "force" "time.block" "profile.case" 
"non0.i" "non0ind" ".Arith.Csparse" "+" "+" "+" "eval" "eval" "callGeneric" "forceSymmetric" "+" "+" "+" "eval" "eval" "callGeneric" "+" "+" "+" "eval" "eval" "callGeneric" "+" "+" ".ps.lps.solve" "force" "time.block" "profile.case" 
".nextMethod" "callNextMethod" "initialize" "initialize" "new" "newTMat" ".M2C" ".Arith.Csparse" "+" "+" "+" "eval" "eval" "callGeneric" "forceSymmetric" "+" "+" "+" "eval" "eval" "callGeneric" "+" "+" "+" "eval" "eval" "callGeneric" "+" "+" ".ps.lps.solve" "force" "time.block" "profile.case" 
".nextMethod" "callNextMethod" "initialize" "initialize" "new" "newTMat" ".M2C" ".Arith.Csparse" "+" "+" "+" "eval" "eval" "callGeneric" "forceSymmetric" "+" "+" "+" "eval" "eval" "callGeneric" "+" "+" "+" "eval" "eval" "callGeneric" "+" "+" ".ps.lps.solve" "force" "time.block" "profile.case" 
".nextMethod" "callNextMethod" "initialize" "initialize" "new" "newTMat" ".M2C" ".Arith.Csparse" "+" "+" "+" "eval" "eval" "callGeneric" "forceSymmetric" "+" "+" "+" "eval" "eval" "callGeneric" "+" "+" "+" "eval" "eval" "callGeneric" "+" "+" ".ps.lps.solve" "force" "time.block" "profile.case" 
".nextMethod" "callNextMethod" "initialize" "initialize" "new" "newTMat" ".M2C" ".Arith.Csparse" "+" "+" "+" "eval" "eval" "callGeneric" "forceSymmetric" "+" "+" "+" "eval" "eval" "callGeneric" "+" "+" "+" "eval" "eval" "callGeneric" "+" "+" ".ps.lps.solve" "force" "time.block" "profile.case" 
".nextMethod" "callNextMethod" "initialize" "initialize" "new" "newTMat" ".M2C" ".Arith.Csparse" "+" "+" "+" "eval" "eval" "callGeneric" "forceSymmetric" "+" "+" "+" "eval" "eval" "callGeneric" "+" "+" "+" "eval" "eval" "callGeneric" "+" "+" ".ps.lps.solve" "force" "time.block" "profile.case" 
".nextMethod" "callNextMethod" "initialize" "initialize" "new" "newTMat" ".M2C" ".Arith.Csparse" "+" "+" "+" "eval" "eval" "callGeneric" "forceSymmetric" "+" "+" "+" "eval" "eval" "callGeneric" "+" "+" "+" "eval" "eval" "callGeneric" "+" "+" ".ps.lps.solve" "force" "time.block" "profile.case" 
".M2C" ".Arith.Csparse" "+" "+" "+" "eval" "eval" "callGeneric" "forceSymmetric" "+" "+" "+" "eval" "eval" "callGeneric" "+" "+" "+" "eval" "eval" "callGeneric" "+" "+" ".ps.lps.solve" "force" "time.block" "profile.case" 
"forceSymmetric" "forceSymmetric" "+" "+" "+" "eval" "eval" "callGeneric" "+" "+" "+" "eval" "eval" "callGeneric" "+" "+" ".ps.lps.solve" "force" "time.block" "profile.case" 
"forceSymmetric" "forceSymmetric" "+" "+" "+" "eval" "eval" "callGeneric" "+" "+" "+" "eval" "eval" "callGeneric" "+" "+" ".ps.lps.solve" "force" "time.block" "profile.case" 
"forceSymmetric" "forceSymmetric" "+" "+" "+" "eval" "eval" "callGeneric" "+" "+" "+" "eval" "eval" "callGeneric" "+" "+" ".ps.lps.solve" "force" "time.block" "profile.case" 
"forceSymmetric" "forceSymmetric" "+" "+" "+" "eval" "eval" "callGeneric" "+" "+" "+" "eval" "eval" "callGeneric" "+" "+" ".ps.lps.solve" "force" "time.block" "profile.case" 
"forceSymmetric" "forceSymmetric" "+" "+" "+" "eval" "eval" "callGeneric" "+" "+" "+" "eval" "eval" "callGeneric" "+" "+" ".ps.lps.solve" "force" "time.block" "profile.case" 
"forceSymmetric" "forceSymmetric" "+" "+" "+" "eval" "eval" "callGeneric" "+" "+" "+" "eval" "eval" "callGeneric" "+" "+" ".ps.lps.solve" "force" "time.block" "profile.case" 
".Call" ".local" "Cholesky" "Cholesky" "doTryCatch" "tryCatchOne" "tryCatchList" "tryCatch" ".local" "Matrix::solve" "standardGeneric" "Matrix::solve" "doTryCatch" "tryCatchOne" "tryCatchList" "tryCatch" ".ps.lps.solve" "force" "time.block" "profile.case" 
".Call" ".local" "Cholesky" "Cholesky" "doTryCatch" "tryCatchOne" "tryCatchList" "tryCatch" ".local" "Matrix::solve" "standardGeneric" "Matrix::solve" "doTryCatch" "tryCatchOne" "tryCatchList" "tryCatch" ".ps.lps.solve" "force" "time.block" "profile.case" 
".Call" ".local" "Cholesky" "Cholesky" "doTryCatch" "tryCatchOne" "tryCatchList" "tryCatch" ".local" "Matrix::solve" "standardGeneric" "Matrix::solve" "doTryCatch" "tryCatchOne" "tryCatchList" "tryCatch" ".ps.lps.solve" "force" "time.block" "profile.case" 
".Call" ".local" "Cholesky" "Cholesky" "doTryCatch" "tryCatchOne" "tryCatchList" "tryCatch" ".local" "Matrix::solve" "standardGeneric" "Matrix::solve" "doTryCatch" "tryCatchOne" "tryCatchList" "tryCatch" ".ps.lps.solve" "force" "time.block" "profile.case" 
".Call" ".local" "Cholesky" "Cholesky" "doTryCatch" "tryCatchOne" "tryCatchList" "tryCatch" ".local" "Matrix::solve" "standardGeneric" "Matrix::solve" "doTryCatch" "tryCatchOne" "tryCatchList" "tryCatch" ".ps.lps.solve" "force" "time.block" "profile.case" 
".Call" ".local" "Cholesky" "Cholesky" "doTryCatch" "tryCatchOne" "tryCatchList" "tryCatch" ".local" "Matrix::solve" "standardGeneric" "Matrix::solve" "doTryCatch" "tryCatchOne" "tryCatchList" "tryCatch" ".ps.lps.solve" "force" "time.block" "profile.case" 
".Call" ".local" "Cholesky" "Cholesky" "doTryCatch" "tryCatchOne" "tryCatchList" "tryCatch" ".local" "Matrix::solve" "standardGeneric" "Matrix::solve" "doTryCatch" "tryCatchOne" "tryCatchList" "tryCatch" ".ps.lps.solve" "force" "time.block" "profile.case" 
".Call" ".local" "Cholesky" "Cholesky" "doTryCatch" "tryCatchOne" "tryCatchList" "tryCatch" ".local" "Matrix::solve" "standardGeneric" "Matrix::solve" "doTryCatch" "tryCatchOne" "tryCatchList" "tryCatch" ".ps.lps.solve" "force" "time.block" "profile.case" 
".Call" ".local" "Cholesky" "Cholesky" "doTryCatch" "tryCatchOne" "tryCatchList" "tryCatch" ".local" "Matrix::solve" "standardGeneric" "Matrix::solve" "doTryCatch" "tryCatchOne" "tryCatchList" "tryCatch" ".ps.lps.solve" "force" "time.block" "profile.case" 
".Call" ".local" "Cholesky" "Cholesky" "doTryCatch" "tryCatchOne" "tryCatchList" "tryCatch" ".local" "Matrix::solve" "standardGeneric" "Matrix::solve" "doTryCatch" "tryCatchOne" "tryCatchList" "tryCatch" ".ps.lps.solve" "force" "time.block" "profile.case" 
".Call" ".local" "Cholesky" "Cholesky" "doTryCatch" "tryCatchOne" "tryCatchList" "tryCatch" ".local" "Matrix::solve" "standardGeneric" "Matrix::solve" "doTryCatch" "tryCatchOne" "tryCatchList" "tryCatch" ".ps.lps.solve" "force" "time.block" "profile.case" 
".Call" ".local" "Cholesky" "Cholesky" "doTryCatch" "tryCatchOne" "tryCatchList" "tryCatch" ".local" "Matrix::solve" "standardGeneric" "Matrix::solve" "doTryCatch" "tryCatchOne" "tryCatchList" "tryCatch" ".ps.lps.solve" "force" "time.block" "profile.case" 
".Call" ".local" "Cholesky" "Cholesky" "doTryCatch" "tryCatchOne" "tryCatchList" "tryCatch" ".local" "Matrix::solve" "standardGeneric" "Matrix::solve" "doTryCatch" "tryCatchOne" "tryCatchList" "tryCatch" ".ps.lps.solve" "force" "time.block" "profile.case" 
".Call" ".local" "Cholesky" "Cholesky" "doTryCatch" "tryCatchOne" "tryCatchList" "tryCatch" ".local" "Matrix::solve" "standardGeneric" "Matrix::solve" "doTryCatch" "tryCatchOne" "tryCatchList" "tryCatch" ".ps.lps.solve" "force" "time.block" "profile.case" 
".Call" ".local" "Cholesky" "Cholesky" "doTryCatch" "tryCatchOne" "tryCatchList" "tryCatch" ".local" "Matrix::solve" "standardGeneric" "Matrix::solve" "doTryCatch" "tryCatchOne" "tryCatchList" "tryCatch" ".ps.lps.solve" "force" "time.block" "profile.case" 
".Call" ".local" "solve" "standardGeneric" "solve" ".local" "Matrix::solve" "standardGeneric" "Matrix::solve" "doTryCatch" "tryCatchOne" "tryCatchList" "tryCatch" ".ps.lps.solve" "force" "time.block" "profile.case" 
"gc" "time.block" "profile.case" 
"gc" "time.block" "profile.case" 
"gc" "time.block" "profile.case" 
"gc" "time.block" "profile.case" 
"gc" "time.block" "profile.case" 
"gc" "time.block" "profile.case" 
".ps.lps.solve" "force" "time.block" "profile.case" 
".ps.lps.solve" "force" "time.block" "profile.case" 
".ps.lps.solve" "force" "time.block" "profile.case" 
".ps.lps.solve" "force" "time.block" "profile.case" 
".ps.lps.solve" "force" "time.block" "profile.case" 
".ps.lps.solve" "force" "time.block" "profile.case" 
".ps.lps.solve" "force" "time.block" "profile.case" 
"seq.int" ".ps.lps.solve" "force" "time.block" "profile.case" 
"seq.int" ".ps.lps.solve" "force" "time.block" "profile.case" 
".ps.lps.solve" "force" "time.block" "profile.case" 
".ps.lps.solve" "force" "time.block" "profile.case" 
"Matrix::sparseMatrix" ".ps.lps.solve" "force" "time.block" "profile.case" 
".M2C" "Matrix::sparseMatrix" ".ps.lps.solve" "force" "time.block" "profile.case" 
".M2C" "Matrix::sparseMatrix" ".ps.lps.solve" "force" "time.block" "profile.case" 
".Call" ".local" "Matrix::crossprod" "Matrix::crossprod" ".ps.lps.solve" "force" "time.block" "profile.case" 
".Call" ".local" "Matrix::crossprod" "Matrix::crossprod" ".ps.lps.solve" "force" "time.block" "profile.case" 
".Call" ".local" "Matrix::crossprod" "Matrix::crossprod" ".ps.lps.solve" "force" "time.block" "profile.case" 
".Call" ".local" "Matrix::crossprod" "Matrix::crossprod" ".ps.lps.solve" "force" "time.block" "profile.case" 
".Call" ".local" "Matrix::crossprod" "Matrix::crossprod" ".ps.lps.solve" "force" "time.block" "profile.case" 
".Call" ".local" "Matrix::crossprod" "Matrix::crossprod" ".ps.lps.solve" "force" "time.block" "profile.case" 
".Call" ".local" "Matrix::crossprod" "Matrix::crossprod" ".ps.lps.solve" "force" "time.block" "profile.case" 
".Call" ".local" "Matrix::crossprod" "Matrix::crossprod" ".ps.lps.solve" "force" "time.block" "profile.case" 
".Call" ".local" "Matrix::crossprod" "Matrix::crossprod" ".ps.lps.solve" "force" "time.block" "profile.case" 
".Call" ".local" "Matrix::crossprod" "Matrix::crossprod" ".ps.lps.solve" "force" "time.block" "profile.case" 
".Call" ".local" "Matrix::crossprod" "Matrix::crossprod" ".ps.lps.solve" "force" "time.block" "profile.case" 
".Call" ".local" "Matrix::crossprod" "Matrix::crossprod" ".ps.lps.solve" "force" "time.block" "profile.case" 
".Call" ".local" "Matrix::crossprod" "Matrix::crossprod" ".ps.lps.solve" "force" "time.block" "profile.case" 
".nextMethod" "callNextMethod" "initialize" "initialize" "new" "newTMat" ".M2C" ".Arith.Csparse" "+" "+" "+" "eval" "eval" "callGeneric" "forceSymmetric" "+" "+" "+" "eval" "eval" "callGeneric" "+" "+" "+" "eval" "eval" "callGeneric" "+" "+" ".ps.lps.solve" "force" "time.block" "profile.case" 
"c" ".nextMethod" "callNextMethod" "initialize" "initialize" "new" "newTMat" ".M2C" ".Arith.Csparse" "+" "+" "+" "eval" "eval" "callGeneric" "forceSymmetric" "+" "+" "+" "eval" "eval" "callGeneric" "+" "+" "+" "eval" "eval" "callGeneric" "+" "+" ".ps.lps.solve" "force" "time.block" "profile.case" 
".M2C" ".Arith.Csparse" "+" "+" "+" "eval" "eval" "callGeneric" "forceSymmetric" "+" "+" "+" "eval" "eval" "callGeneric" "+" "+" "+" "eval" "eval" "callGeneric" "+" "+" ".ps.lps.solve" "force" "time.block" "profile.case" 
"forceSymmetric" "forceSymmetric" "+" "+" "+" "eval" "eval" "callGeneric" "+" "+" "+" "eval" "eval" "callGeneric" "+" "+" ".ps.lps.solve" "force" "time.block" "profile.case" 
"forceSymmetric" "forceSymmetric" "+" "+" "+" "eval" "eval" "callGeneric" "+" "+" "+" "eval" "eval" "callGeneric" "+" "+" ".ps.lps.solve" "force" "time.block" "profile.case" 
"forceSymmetric" "forceSymmetric" "+" "+" "+" "eval" "eval" "callGeneric" "+" "+" "+" "eval" "eval" "callGeneric" "+" "+" ".ps.lps.solve" "force" "time.block" "profile.case" 
"forceSymmetric" "forceSymmetric" "+" "+" "+" "eval" "eval" "callGeneric" "+" "+" "+" "eval" "eval" "callGeneric" "+" "+" ".ps.lps.solve" "force" "time.block" "profile.case" 
"forceSymmetric" "forceSymmetric" "+" "+" "+" "eval" "eval" "callGeneric" "+" "+" "+" "eval" "eval" "callGeneric" "+" "+" ".ps.lps.solve" "force" "time.block" "profile.case" 
"forceSymmetric" "forceSymmetric" "+" "+" "+" "eval" "eval" "callGeneric" "+" "+" "+" "eval" "eval" "callGeneric" "+" "+" ".ps.lps.solve" "force" "time.block" "profile.case" 
".Call" ".local" "Cholesky" "Cholesky" "doTryCatch" "tryCatchOne" "tryCatchList" "tryCatch" ".local" "Matrix::solve" "standardGeneric" "Matrix::solve" "doTryCatch" "tryCatchOne" "tryCatchList" "tryCatch" ".ps.lps.solve" "force" "time.block" "profile.case" 
".Call" ".local" "Cholesky" "Cholesky" "doTryCatch" "tryCatchOne" "tryCatchList" "tryCatch" ".local" "Matrix::solve" "standardGeneric" "Matrix::solve" "doTryCatch" "tryCatchOne" "tryCatchList" "tryCatch" ".ps.lps.solve" "force" "time.block" "profile.case" 
".Call" ".local" "Cholesky" "Cholesky" "doTryCatch" "tryCatchOne" "tryCatchList" "tryCatch" ".local" "Matrix::solve" "standardGeneric" "Matrix::solve" "doTryCatch" "tryCatchOne" "tryCatchList" "tryCatch" ".ps.lps.solve" "force" "time.block" "profile.case" 
".Call" ".local" "Cholesky" "Cholesky" "doTryCatch" "tryCatchOne" "tryCatchList" "tryCatch" ".local" "Matrix::solve" "standardGeneric" "Matrix::solve" "doTryCatch" "tryCatchOne" "tryCatchList" "tryCatch" ".ps.lps.solve" "force" "time.block" "profile.case" 
".Call" ".local" "Cholesky" "Cholesky" "doTryCatch" "tryCatchOne" "tryCatchList" "tryCatch" ".local" "Matrix::solve" "standardGeneric" "Matrix::solve" "doTryCatch" "tryCatchOne" "tryCatchList" "tryCatch" ".ps.lps.solve" "force" "time.block" "profile.case" 
".Call" ".local" "Cholesky" "Cholesky" "doTryCatch" "tryCatchOne" "tryCatchList" "tryCatch" ".local" "Matrix::solve" "standardGeneric" "Matrix::solve" "doTryCatch" "tryCatchOne" "tryCatchList" "tryCatch" ".ps.lps.solve" "force" "time.block" "profile.case" 
".Call" ".local" "Cholesky" "Cholesky" "doTryCatch" "tryCatchOne" "tryCatchList" "tryCatch" ".local" "Matrix::solve" "standardGeneric" "Matrix::solve" "doTryCatch" "tryCatchOne" "tryCatchList" "tryCatch" ".ps.lps.solve" "force" "time.block" "profile.case" 
".Call" ".local" "Cholesky" "Cholesky" "doTryCatch" "tryCatchOne" "tryCatchList" "tryCatch" ".local" "Matrix::solve" "standardGeneric" "Matrix::solve" "doTryCatch" "tryCatchOne" "tryCatchList" "tryCatch" ".ps.lps.solve" "force" "time.block" "profile.case" 
".Call" ".local" "Cholesky" "Cholesky" "doTryCatch" "tryCatchOne" "tryCatchList" "tryCatch" ".local" "Matrix::solve" "standardGeneric" "Matrix::solve" "doTryCatch" "tryCatchOne" "tryCatchList" "tryCatch" ".ps.lps.solve" "force" "time.block" "profile.case" 
".Call" ".local" "Cholesky" "Cholesky" "doTryCatch" "tryCatchOne" "tryCatchList" "tryCatch" ".local" "Matrix::solve" "standardGeneric" "Matrix::solve" "doTryCatch" "tryCatchOne" "tryCatchList" "tryCatch" ".ps.lps.solve" "force" "time.block" "profile.case" 
".Call" ".local" "Cholesky" "Cholesky" "doTryCatch" "tryCatchOne" "tryCatchList" "tryCatch" ".local" "Matrix::solve" "standardGeneric" "Matrix::solve" "doTryCatch" "tryCatchOne" "tryCatchList" "tryCatch" ".ps.lps.solve" "force" "time.block" "profile.case" 
".Call" ".local" "Cholesky" "Cholesky" "doTryCatch" "tryCatchOne" "tryCatchList" "tryCatch" ".local" "Matrix::solve" "standardGeneric" "Matrix::solve" "doTryCatch" "tryCatchOne" "tryCatchList" "tryCatch" ".ps.lps.solve" "force" "time.block" "profile.case" 
".Call" ".local" "Cholesky" "Cholesky" "doTryCatch" "tryCatchOne" "tryCatchList" "tryCatch" ".local" "Matrix::solve" "standardGeneric" "Matrix::solve" "doTryCatch" "tryCatchOne" "tryCatchList" "tryCatch" ".ps.lps.solve" "force" "time.block" "profile.case" 
".Call" ".local" "Cholesky" "Cholesky" "doTryCatch" "tryCatchOne" "tryCatchList" "tryCatch" ".local" "Matrix::solve" "standardGeneric" "Matrix::solve" "doTryCatch" "tryCatchOne" "tryCatchList" "tryCatch" ".ps.lps.solve" "force" "time.block" "profile.case" 
".Call" ".local" "Cholesky" "Cholesky" "doTryCatch" "tryCatchOne" "tryCatchList" "tryCatch" ".local" "Matrix::solve" "standardGeneric" "Matrix::solve" "doTryCatch" "tryCatchOne" "tryCatchList" "tryCatch" ".ps.lps.solve" "force" "time.block" "profile.case" 
".Call" ".local" "Cholesky" "Cholesky" "doTryCatch" "tryCatchOne" "tryCatchList" "tryCatch" ".local" "Matrix::solve" "standardGeneric" "Matrix::solve" "doTryCatch" "tryCatchOne" "tryCatchList" "tryCatch" ".ps.lps.solve" "force" "time.block" "profile.case" 
".ps.lps.diagnostics" ".ps.lps.solve" "force" "time.block" "profile.case" 
".ps.lps.solve" "force" "time.block" "profile.case" 
".ps.lps.solve" "force" "time.block" "profile.case" 
"seq.int" ".ps.lps.solve" "force" "time.block" "profile.case" 
".ps.lps.solve" "force" "time.block" "profile.case" 
".ps.lps.solve" "force" "time.block" "profile.case" 
".ps.lps.solve" "force" "time.block" "profile.case" 
".ps.lps.solve" "force" "time.block" "profile.case" 
".ps.lps.solve" "force" "time.block" "profile.case" 
".ps.lps.solve" "force" "time.block" "profile.case" 
".ps.lps.solve" "force" "time.block" "profile.case" 
"seq.int" ".ps.lps.solve" "force" "time.block" "profile.case" 
".rangeNum" "range" "range" "cbind" "Matrix::sparseMatrix" ".ps.lps.solve" "force" "time.block" "profile.case" 
"min" ".rangeNum" "range" "range" "cbind" "Matrix::sparseMatrix" ".ps.lps.solve" "force" "time.block" "profile.case" 
".M2C" "Matrix::sparseMatrix" ".ps.lps.solve" "force" "time.block" "profile.case" 
".M2C" "Matrix::sparseMatrix" ".ps.lps.solve" "force" "time.block" "profile.case" 
".M2C" "Matrix::sparseMatrix" ".ps.lps.solve" "force" "time.block" "profile.case" 
".M2C" "Matrix::sparseMatrix" ".ps.lps.solve" "force" "time.block" "profile.case" 
".M2C" "Matrix::sparseMatrix" ".ps.lps.solve" "force" "time.block" "profile.case" 
".M2C" "Matrix::sparseMatrix" ".ps.lps.solve" "force" "time.block" "profile.case" 
".M2C" "Matrix::sparseMatrix" ".ps.lps.solve" "force" "time.block" "profile.case" 
".Call" ".local" "Matrix::crossprod" "Matrix::crossprod" ".ps.lps.solve" "force" "time.block" "profile.case" 
".Call" ".local" "Matrix::crossprod" "Matrix::crossprod" ".ps.lps.solve" "force" "time.block" "profile.case" 
".Call" ".local" "Matrix::crossprod" "Matrix::crossprod" ".ps.lps.solve" "force" "time.block" "profile.case" 
".Call" ".local" "Matrix::crossprod" "Matrix::crossprod" ".ps.lps.solve" "force" "time.block" "profile.case" 
".Call" ".local" "Matrix::crossprod" "Matrix::crossprod" ".ps.lps.solve" "force" "time.block" "profile.case" 
".Call" ".local" "Matrix::crossprod" "Matrix::crossprod" ".ps.lps.solve" "force" "time.block" "profile.case" 
".Call" ".local" "Matrix::crossprod" "Matrix::crossprod" ".ps.lps.solve" "force" "time.block" "profile.case" 
".Call" ".local" "Matrix::crossprod" "Matrix::crossprod" ".ps.lps.solve" "force" "time.block" "profile.case" 
".Call" ".local" "Matrix::crossprod" "Matrix::crossprod" ".ps.lps.solve" "force" "time.block" "profile.case" 
".Call" ".local" "Matrix::crossprod" "Matrix::crossprod" ".ps.lps.solve" "force" "time.block" "profile.case" 
".Call" ".local" "Matrix::crossprod" "Matrix::crossprod" ".ps.lps.solve" "force" "time.block" "profile.case" 
".Call" ".local" "Matrix::crossprod" "Matrix::crossprod" ".ps.lps.solve" "force" "time.block" "profile.case" 
"Matrix::diag" "standardGeneric" "Matrix::diag" ".ps.lps.solve" "force" "time.block" "profile.case" 
"c" ".nextMethod" "callNextMethod" "initialize" "initialize" "new" "newTMat" ".M2C" ".Arith.Csparse" "+" "+" "+" "eval" "eval" "callGeneric" "forceSymmetric" "+" "+" "+" "eval" "eval" "callGeneric" "+" "+" "+" "eval" "eval" "callGeneric" "+" "+" ".ps.lps.solve" "force" "time.block" "profile.case" 
".M2C" ".Arith.Csparse" "+" "+" "+" "eval" "eval" "callGeneric" "forceSymmetric" "+" "+" "+" "eval" "eval" "callGeneric" "+" "+" "+" "eval" "eval" "callGeneric" "+" "+" ".ps.lps.solve" "force" "time.block" "profile.case" 
"forceSymmetric" "forceSymmetric" "+" "+" "+" "eval" "eval" "callGeneric" "+" "+" "+" "eval" "eval" "callGeneric" "+" "+" ".ps.lps.solve" "force" "time.block" "profile.case" 
".Call" ".local" "Cholesky" "Cholesky" "doTryCatch" "tryCatchOne" "tryCatchList" "tryCatch" ".local" "Matrix::solve" "standardGeneric" "Matrix::solve" "doTryCatch" "tryCatchOne" "tryCatchList" "tryCatch" ".ps.lps.solve" "force" "time.block" "profile.case" 
".Call" ".local" "Cholesky" "Cholesky" "doTryCatch" "tryCatchOne" "tryCatchList" "tryCatch" ".local" "Matrix::solve" "standardGeneric" "Matrix::solve" "doTryCatch" "tryCatchOne" "tryCatchList" "tryCatch" ".ps.lps.solve" "force" "time.block" "profile.case" 
".Call" ".local" "Cholesky" "Cholesky" "doTryCatch" "tryCatchOne" "tryCatchList" "tryCatch" ".local" "Matrix::solve" "standardGeneric" "Matrix::solve" "doTryCatch" "tryCatchOne" "tryCatchList" "tryCatch" ".ps.lps.solve" "force" "time.block" "profile.case" 
".Call" ".local" "Cholesky" "Cholesky" "doTryCatch" "tryCatchOne" "tryCatchList" "tryCatch" ".local" "Matrix::solve" "standardGeneric" "Matrix::solve" "doTryCatch" "tryCatchOne" "tryCatchList" "tryCatch" ".ps.lps.solve" "force" "time.block" "profile.case" 
".Call" ".local" "Cholesky" "Cholesky" "doTryCatch" "tryCatchOne" "tryCatchList" "tryCatch" ".local" "Matrix::solve" "standardGeneric" "Matrix::solve" "doTryCatch" "tryCatchOne" "tryCatchList" "tryCatch" ".ps.lps.solve" "force" "time.block" "profile.case" 
".Call" ".local" "Cholesky" "Cholesky" "doTryCatch" "tryCatchOne" "tryCatchList" "tryCatch" ".local" "Matrix::solve" "standardGeneric" "Matrix::solve" "doTryCatch" "tryCatchOne" "tryCatchList" "tryCatch" ".ps.lps.solve" "force" "time.block" "profile.case" 
".Call" ".local" "Cholesky" "Cholesky" "doTryCatch" "tryCatchOne" "tryCatchList" "tryCatch" ".local" "Matrix::solve" "standardGeneric" "Matrix::solve" "doTryCatch" "tryCatchOne" "tryCatchList" "tryCatch" ".ps.lps.solve" "force" "time.block" "profile.case" 
".Call" ".local" "Cholesky" "Cholesky" "doTryCatch" "tryCatchOne" "tryCatchList" "tryCatch" ".local" "Matrix::solve" "standardGeneric" "Matrix::solve" "doTryCatch" "tryCatchOne" "tryCatchList" "tryCatch" ".ps.lps.solve" "force" "time.block" "profile.case" 
".Call" ".local" "Cholesky" "Cholesky" "doTryCatch" "tryCatchOne" "tryCatchList" "tryCatch" ".local" "Matrix::solve" "standardGeneric" "Matrix::solve" "doTryCatch" "tryCatchOne" "tryCatchList" "tryCatch" ".ps.lps.solve" "force" "time.block" "profile.case" 
".Call" ".local" "Cholesky" "Cholesky" "doTryCatch" "tryCatchOne" "tryCatchList" "tryCatch" ".local" "Matrix::solve" "standardGeneric" "Matrix::solve" "doTryCatch" "tryCatchOne" "tryCatchList" "tryCatch" ".ps.lps.solve" "force" "time.block" "profile.case" 
".Call" ".local" "Cholesky" "Cholesky" "doTryCatch" "tryCatchOne" "tryCatchList" "tryCatch" ".local" "Matrix::solve" "standardGeneric" "Matrix::solve" "doTryCatch" "tryCatchOne" "tryCatchList" "tryCatch" ".ps.lps.solve" "force" "time.block" "profile.case" 
".Call" ".local" "Cholesky" "Cholesky" "doTryCatch" "tryCatchOne" "tryCatchList" "tryCatch" ".local" "Matrix::solve" "standardGeneric" "Matrix::solve" "doTryCatch" "tryCatchOne" "tryCatchList" "tryCatch" ".ps.lps.solve" "force" "time.block" "profile.case" 
".Call" ".local" "Cholesky" "Cholesky" "doTryCatch" "tryCatchOne" "tryCatchList" "tryCatch" ".local" "Matrix::solve" "standardGeneric" "Matrix::solve" "doTryCatch" "tryCatchOne" "tryCatchList" "tryCatch" ".ps.lps.solve" "force" "time.block" "profile.case" 
".Call" ".local" "Cholesky" "Cholesky" "doTryCatch" "tryCatchOne" "tryCatchList" "tryCatch" ".local" "Matrix::solve" "standardGeneric" "Matrix::solve" "doTryCatch" "tryCatchOne" "tryCatchList" "tryCatch" ".ps.lps.solve" "force" "time.block" "profile.case" 
".Call" ".local" "Cholesky" "Cholesky" "doTryCatch" "tryCatchOne" "tryCatchList" "tryCatch" ".local" "Matrix::solve" "standardGeneric" "Matrix::solve" "doTryCatch" "tryCatchOne" "tryCatchList" "tryCatch" ".ps.lps.solve" "force" "time.block" "profile.case" 
".Call" ".local" "Cholesky" "Cholesky" "doTryCatch" "tryCatchOne" "tryCatchList" "tryCatch" ".local" "Matrix::solve" "standardGeneric" "Matrix::solve" "doTryCatch" "tryCatchOne" "tryCatchList" "tryCatch" ".ps.lps.solve" "force" "time.block" "profile.case" 
".ps.lps.diagnostics" ".ps.lps.solve" "force" "time.block" "profile.case" 
".ps.lps.solve" "force" "time.block" "profile.case" 
".ps.lps.solve" "force" "time.block" "profile.case" 
".ps.lps.solve" "force" "time.block" "profile.case" 
".ps.lps.solve" "force" "time.block" "profile.case" 
".ps.lps.solve" "force" "time.block" "profile.case" 
".ps.lps.solve" "force" "time.block" "profile.case" 
".ps.lps.solve" "force" "time.block" "profile.case" 
"seq.int" ".ps.lps.solve" "force" "time.block" "profile.case" 
".ps.lps.solve" "force" "time.block" "profile.case" 
"seq.int" ".ps.lps.solve" "force" "time.block" "profile.case" 
".ps.lps.solve" "force" "time.block" "profile.case" 
"proc.time" "unname" "elapsed" ".ps.lps.solve" "force" "time.block" "profile.case" 
".rangeNum" "range" "range" "cbind" "Matrix::sparseMatrix" ".ps.lps.solve" "force" "time.block" "profile.case" 
".M2C" "Matrix::sparseMatrix" ".ps.lps.solve" "force" "time.block" "profile.case" 
".M2C" "Matrix::sparseMatrix" ".ps.lps.solve" "force" "time.block" "profile.case" 
".Call" ".local" "Matrix::crossprod" "Matrix::crossprod" ".ps.lps.solve" "force" "time.block" "profile.case" 
".Call" ".local" "Matrix::crossprod" "Matrix::crossprod" ".ps.lps.solve" "force" "time.block" "profile.case" 
".Call" ".local" "Matrix::crossprod" "Matrix::crossprod" ".ps.lps.solve" "force" "time.block" "profile.case" 
".Call" ".local" "Matrix::crossprod" "Matrix::crossprod" ".ps.lps.solve" "force" "time.block" "profile.case" 
".Call" ".local" "Matrix::crossprod" "Matrix::crossprod" ".ps.lps.solve" "force" "time.block" "profile.case" 
".Call" ".local" "Matrix::crossprod" "Matrix::crossprod" ".ps.lps.solve" "force" "time.block" "profile.case" 
".Call" ".local" "Matrix::crossprod" "Matrix::crossprod" ".ps.lps.solve" "force" "time.block" "profile.case" 
".Call" ".local" "Matrix::crossprod" "Matrix::crossprod" ".ps.lps.solve" "force" "time.block" "profile.case" 
".Call" ".local" "Matrix::crossprod" "Matrix::crossprod" ".ps.lps.solve" "force" "time.block" "profile.case" 
".Call" ".local" "Matrix::crossprod" "Matrix::crossprod" ".ps.lps.solve" "force" "time.block" "profile.case" 
".Call" ".local" "Matrix::crossprod" "Matrix::crossprod" ".ps.lps.solve" "force" "time.block" "profile.case" 
".Call" ".local" "Matrix::crossprod" "Matrix::crossprod" ".ps.lps.solve" "force" "time.block" "profile.case" 
".Call" ".local" "Matrix::crossprod" "Matrix::crossprod" ".ps.lps.solve" "force" "time.block" "profile.case" 
".Call" ".local" "Matrix::crossprod" "Matrix::crossprod" ".ps.lps.solve" "force" "time.block" "profile.case" 
".Call" ".local" "Matrix::crossprod" "Matrix::crossprod" ".ps.lps.solve" "force" "time.block" "profile.case" 
".Call" ".local" "Matrix::crossprod" "Matrix::crossprod" ".ps.lps.solve" "force" "time.block" "profile.case" 
".Call" ".local" "Matrix::crossprod" "Matrix::crossprod" ".ps.lps.solve" "force" "time.block" "profile.case" 
".Call" ".local" "Matrix::crossprod" "Matrix::crossprod" ".ps.lps.solve" "force" "time.block" "profile.case" 
"non0.i" "non0ind" ".Arith.Csparse" "+" "+" "+" "eval" "eval" "callGeneric" "forceSymmetric" "+" "+" "+" "eval" "eval" "callGeneric" "+" "+" "+" "eval" "eval" "callGeneric" "+" "+" ".ps.lps.solve" "force" "time.block" "profile.case" 
"c" ".nextMethod" "callNextMethod" "initialize" "initialize" "new" "newTMat" ".M2C" ".Arith.Csparse" "+" "+" "+" "eval" "eval" "callGeneric" "forceSymmetric" "+" "+" "+" "eval" "eval" "callGeneric" "+" "+" "+" "eval" "eval" "callGeneric" "+" "+" ".ps.lps.solve" "force" "time.block" "profile.case" 
".M2C" ".Arith.Csparse" "+" "+" "+" "eval" "eval" "callGeneric" "forceSymmetric" "+" "+" "+" "eval" "eval" "callGeneric" "+" "+" "+" "eval" "eval" "callGeneric" "+" "+" ".ps.lps.solve" "force" "time.block" "profile.case" 
".Call" ".local" "Cholesky" "Cholesky" "doTryCatch" "tryCatchOne" "tryCatchList" "tryCatch" ".local" "Matrix::solve" "standardGeneric" "Matrix::solve" "doTryCatch" "tryCatchOne" "tryCatchList" "tryCatch" ".ps.lps.solve" "force" "time.block" "profile.case" 
".Call" ".local" "Cholesky" "Cholesky" "doTryCatch" "tryCatchOne" "tryCatchList" "tryCatch" ".local" "Matrix::solve" "standardGeneric" "Matrix::solve" "doTryCatch" "tryCatchOne" "tryCatchList" "tryCatch" ".ps.lps.solve" "force" "time.block" "profile.case" 
".Call" ".local" "Cholesky" "Cholesky" "doTryCatch" "tryCatchOne" "tryCatchList" "tryCatch" ".local" "Matrix::solve" "standardGeneric" "Matrix::solve" "doTryCatch" "tryCatchOne" "tryCatchList" "tryCatch" ".ps.lps.solve" "force" "time.block" "profile.case" 
".Call" ".local" "Cholesky" "Cholesky" "doTryCatch" "tryCatchOne" "tryCatchList" "tryCatch" ".local" "Matrix::solve" "standardGeneric" "Matrix::solve" "doTryCatch" "tryCatchOne" "tryCatchList" "tryCatch" ".ps.lps.solve" "force" "time.block" "profile.case" 
".Call" ".local" "Cholesky" "Cholesky" "doTryCatch" "tryCatchOne" "tryCatchList" "tryCatch" ".local" "Matrix::solve" "standardGeneric" "Matrix::solve" "doTryCatch" "tryCatchOne" "tryCatchList" "tryCatch" ".ps.lps.solve" "force" "time.block" "profile.case" 
".Call" ".local" "Cholesky" "Cholesky" "doTryCatch" "tryCatchOne" "tryCatchList" "tryCatch" ".local" "Matrix::solve" "standardGeneric" "Matrix::solve" "doTryCatch" "tryCatchOne" "tryCatchList" "tryCatch" ".ps.lps.solve" "force" "time.block" "profile.case" 
".Call" ".local" "Cholesky" "Cholesky" "doTryCatch" "tryCatchOne" "tryCatchList" "tryCatch" ".local" "Matrix::solve" "standardGeneric" "Matrix::solve" "doTryCatch" "tryCatchOne" "tryCatchList" "tryCatch" ".ps.lps.solve" "force" "time.block" "profile.case" 
".Call" ".local" "Cholesky" "Cholesky" "doTryCatch" "tryCatchOne" "tryCatchList" "tryCatch" ".local" "Matrix::solve" "standardGeneric" "Matrix::solve" "doTryCatch" "tryCatchOne" "tryCatchList" "tryCatch" ".ps.lps.solve" "force" "time.block" "profile.case" 
".Call" ".local" "Cholesky" "Cholesky" "doTryCatch" "tryCatchOne" "tryCatchList" "tryCatch" ".local" "Matrix::solve" "standardGeneric" "Matrix::solve" "doTryCatch" "tryCatchOne" "tryCatchList" "tryCatch" ".ps.lps.solve" "force" "time.block" "profile.case" 
".Call" ".local" "Cholesky" "Cholesky" "doTryCatch" "tryCatchOne" "tryCatchList" "tryCatch" ".local" "Matrix::solve" "standardGeneric" "Matrix::solve" "doTryCatch" "tryCatchOne" "tryCatchList" "tryCatch" ".ps.lps.solve" "force" "time.block" "profile.case" 
".Call" ".local" "Cholesky" "Cholesky" "doTryCatch" "tryCatchOne" "tryCatchList" "tryCatch" ".local" "Matrix::solve" "standardGeneric" "Matrix::solve" "doTryCatch" "tryCatchOne" "tryCatchList" "tryCatch" ".ps.lps.solve" "force" "time.block" "profile.case" 
".Call" ".local" "Cholesky" "Cholesky" "doTryCatch" "tryCatchOne" "tryCatchList" "tryCatch" ".local" "Matrix::solve" "standardGeneric" "Matrix::solve" "doTryCatch" "tryCatchOne" "tryCatchList" "tryCatch" ".ps.lps.solve" "force" "time.block" "profile.case" 
".Call" ".local" "Cholesky" "Cholesky" "doTryCatch" "tryCatchOne" "tryCatchList" "tryCatch" ".local" "Matrix::solve" "standardGeneric" "Matrix::solve" "doTryCatch" "tryCatchOne" "tryCatchList" "tryCatch" ".ps.lps.solve" "force" "time.block" "profile.case" 
".Call" ".local" "Cholesky" "Cholesky" "doTryCatch" "tryCatchOne" "tryCatchList" "tryCatch" ".local" "Matrix::solve" "standardGeneric" "Matrix::solve" "doTryCatch" "tryCatchOne" "tryCatchList" "tryCatch" ".ps.lps.solve" "force" "time.block" "profile.case" 
".Call" ".local" "Cholesky" "Cholesky" "doTryCatch" "tryCatchOne" "tryCatchList" "tryCatch" ".local" "Matrix::solve" "standardGeneric" "Matrix::solve" "doTryCatch" "tryCatchOne" "tryCatchList" "tryCatch" ".ps.lps.solve" "force" "time.block" "profile.case" 
".Call" ".local" "solve" "standardGeneric" "solve" ".local" "Matrix::solve" "standardGeneric" "Matrix::solve" "doTryCatch" "tryCatchOne" "tryCatchList" "tryCatch" ".ps.lps.solve" "force" "time.block" "profile.case" 
"integer" ".ps.lps.solve" "force" "time.block" "profile.case" 
".ps.lps.solve" "force" "time.block" "profile.case" 
".ps.lps.solve" "force" "time.block" "profile.case" 
".ps.lps.solve" "force" "time.block" "profile.case" 
".ps.lps.solve" "force" "time.block" "profile.case" 
".ps.lps.solve" "force" "time.block" "profile.case" 
".ps.lps.solve" "force" "time.block" "profile.case" 
".ps.lps.solve" "force" "time.block" "profile.case" 
".ps.lps.solve" "force" "time.block" "profile.case" 
".ps.lps.solve" "force" "time.block" "profile.case" 
".ps.lps.solve" "force" "time.block" "profile.case" 
"Matrix::sparseMatrix" ".ps.lps.solve" "force" "time.block" "profile.case" 
".rangeNum" "range" "range" "cbind" "Matrix::sparseMatrix" ".ps.lps.solve" "force" "time.block" "profile.case" 
".rangeNum" "range" "range" "cbind" "Matrix::sparseMatrix" ".ps.lps.solve" "force" "time.block" "profile.case" 
".rangeNum" "range" "range" "cbind" "Matrix::sparseMatrix" ".ps.lps.solve" "force" "time.block" "profile.case" 
".rangeNum" "range" "range" "cbind" "Matrix::sparseMatrix" ".ps.lps.solve" "force" "time.block" "profile.case" 
".rangeNum" "range" "range" "cbind" "Matrix::sparseMatrix" ".ps.lps.solve" "force" "time.block" "profile.case" 
".rangeNum" "range" "range" "cbind" "Matrix::sparseMatrix" ".ps.lps.solve" "force" "time.block" "profile.case" 
".rangeNum" "range" "range" "cbind" "Matrix::sparseMatrix" ".ps.lps.solve" "force" "time.block" "profile.case" 
"validityMethod" "isTRUE" "anyStrings" "validObject" "Matrix::sparseMatrix" ".ps.lps.solve" "force" "time.block" "profile.case" 
".M2C" "Matrix::sparseMatrix" ".ps.lps.solve" "force" "time.block" "profile.case" 
".Call" ".local" "Matrix::crossprod" "Matrix::crossprod" ".ps.lps.solve" "force" "time.block" "profile.case" 
".Call" ".local" "Matrix::crossprod" "Matrix::crossprod" ".ps.lps.solve" "force" "time.block" "profile.case" 
".Call" ".local" "Matrix::crossprod" "Matrix::crossprod" ".ps.lps.solve" "force" "time.block" "profile.case" 
".Call" ".local" "Matrix::crossprod" "Matrix::crossprod" ".ps.lps.solve" "force" "time.block" "profile.case" 
".Call" ".local" "Matrix::crossprod" "Matrix::crossprod" ".ps.lps.solve" "force" "time.block" "profile.case" 
".Call" ".local" "Matrix::crossprod" "Matrix::crossprod" ".ps.lps.solve" "force" "time.block" "profile.case" 
".Call" ".local" "Matrix::crossprod" "Matrix::crossprod" ".ps.lps.solve" "force" "time.block" "profile.case" 
".Call" ".local" "Matrix::crossprod" "Matrix::crossprod" ".ps.lps.solve" "force" "time.block" "profile.case" 
".Call" ".local" "Matrix::crossprod" "Matrix::crossprod" ".ps.lps.solve" "force" "time.block" "profile.case" 
".Call" ".local" "Matrix::crossprod" "Matrix::crossprod" ".ps.lps.solve" "force" "time.block" "profile.case" 
".Call" ".local" "Matrix::crossprod" "Matrix::crossprod" ".ps.lps.solve" "force" "time.block" "profile.case" 
".Call" ".local" "Matrix::crossprod" "Matrix::crossprod" ".ps.lps.solve" "force" "time.block" "profile.case" 
".Call" ".local" "Matrix::crossprod" "Matrix::crossprod" ".ps.lps.solve" "force" "time.block" "profile.case" 
"non0.i" "non0ind" ".Arith.Csparse" "+" "+" "+" "eval" "eval" "callGeneric" "forceSymmetric" "+" "+" "+" "eval" "eval" "callGeneric" "+" "+" "+" "eval" "eval" "callGeneric" "+" "+" ".ps.lps.solve" "force" "time.block" "profile.case" 
".nextMethod" "callNextMethod" "initialize" "initialize" "new" "newTMat" ".M2C" ".Arith.Csparse" "+" "+" "+" "eval" "eval" "callGeneric" "forceSymmetric" "+" "+" "+" "eval" "eval" "callGeneric" "+" "+" "+" "eval" "eval" "callGeneric" "+" "+" ".ps.lps.solve" "force" "time.block" "profile.case" 
".M2C" ".Arith.Csparse" "+" "+" "+" "eval" "eval" "callGeneric" "forceSymmetric" "+" "+" "+" "eval" "eval" "callGeneric" "+" "+" "+" "eval" "eval" "callGeneric" "+" "+" ".ps.lps.solve" "force" "time.block" "profile.case" 
".Call" ".local" "Cholesky" "Cholesky" "doTryCatch" "tryCatchOne" "tryCatchList" "tryCatch" ".local" "Matrix::solve" "standardGeneric" "Matrix::solve" "doTryCatch" "tryCatchOne" "tryCatchList" "tryCatch" ".ps.lps.solve" "force" "time.block" "profile.case" 
".Call" ".local" "Cholesky" "Cholesky" "doTryCatch" "tryCatchOne" "tryCatchList" "tryCatch" ".local" "Matrix::solve" "standardGeneric" "Matrix::solve" "doTryCatch" "tryCatchOne" "tryCatchList" "tryCatch" ".ps.lps.solve" "force" "time.block" "profile.case" 
".Call" ".local" "Cholesky" "Cholesky" "doTryCatch" "tryCatchOne" "tryCatchList" "tryCatch" ".local" "Matrix::solve" "standardGeneric" "Matrix::solve" "doTryCatch" "tryCatchOne" "tryCatchList" "tryCatch" ".ps.lps.solve" "force" "time.block" "profile.case" 
".Call" ".local" "Cholesky" "Cholesky" "doTryCatch" "tryCatchOne" "tryCatchList" "tryCatch" ".local" "Matrix::solve" "standardGeneric" "Matrix::solve" "doTryCatch" "tryCatchOne" "tryCatchList" "tryCatch" ".ps.lps.solve" "force" "time.block" "profile.case" 
".Call" ".local" "Cholesky" "Cholesky" "doTryCatch" "tryCatchOne" "tryCatchList" "tryCatch" ".local" "Matrix::solve" "standardGeneric" "Matrix::solve" "doTryCatch" "tryCatchOne" "tryCatchList" "tryCatch" ".ps.lps.solve" "force" "time.block" "profile.case" 
".Call" ".local" "Cholesky" "Cholesky" "doTryCatch" "tryCatchOne" "tryCatchList" "tryCatch" ".local" "Matrix::solve" "standardGeneric" "Matrix::solve" "doTryCatch" "tryCatchOne" "tryCatchList" "tryCatch" ".ps.lps.solve" "force" "time.block" "profile.case" 
".Call" ".local" "Cholesky" "Cholesky" "doTryCatch" "tryCatchOne" "tryCatchList" "tryCatch" ".local" "Matrix::solve" "standardGeneric" "Matrix::solve" "doTryCatch" "tryCatchOne" "tryCatchList" "tryCatch" ".ps.lps.solve" "force" "time.block" "profile.case" 
".Call" ".local" "Cholesky" "Cholesky" "doTryCatch" "tryCatchOne" "tryCatchList" "tryCatch" ".local" "Matrix::solve" "standardGeneric" "Matrix::solve" "doTryCatch" "tryCatchOne" "tryCatchList" "tryCatch" ".ps.lps.solve" "force" "time.block" "profile.case" 
".Call" ".local" "Cholesky" "Cholesky" "doTryCatch" "tryCatchOne" "tryCatchList" "tryCatch" ".local" "Matrix::solve" "standardGeneric" "Matrix::solve" "doTryCatch" "tryCatchOne" "tryCatchList" "tryCatch" ".ps.lps.solve" "force" "time.block" "profile.case" 
".Call" ".local" "Cholesky" "Cholesky" "doTryCatch" "tryCatchOne" "tryCatchList" "tryCatch" ".local" "Matrix::solve" "standardGeneric" "Matrix::solve" "doTryCatch" "tryCatchOne" "tryCatchList" "tryCatch" ".ps.lps.solve" "force" "time.block" "profile.case" 
".Call" ".local" "Cholesky" "Cholesky" "doTryCatch" "tryCatchOne" "tryCatchList" "tryCatch" ".local" "Matrix::solve" "standardGeneric" "Matrix::solve" "doTryCatch" "tryCatchOne" "tryCatchList" "tryCatch" ".ps.lps.solve" "force" "time.block" "profile.case" 
".Call" ".local" "Cholesky" "Cholesky" "doTryCatch" "tryCatchOne" "tryCatchList" "tryCatch" ".local" "Matrix::solve" "standardGeneric" "Matrix::solve" "doTryCatch" "tryCatchOne" "tryCatchList" "tryCatch" ".ps.lps.solve" "force" "time.block" "profile.case" 
".Call" ".local" "Cholesky" "Cholesky" "doTryCatch" "tryCatchOne" "tryCatchList" "tryCatch" ".local" "Matrix::solve" "standardGeneric" "Matrix::solve" "doTryCatch" "tryCatchOne" "tryCatchList" "tryCatch" ".ps.lps.solve" "force" "time.block" "profile.case" 
".Call" ".local" "Cholesky" "Cholesky" "doTryCatch" "tryCatchOne" "tryCatchList" "tryCatch" ".local" "Matrix::solve" "standardGeneric" "Matrix::solve" "doTryCatch" "tryCatchOne" "tryCatchList" "tryCatch" ".ps.lps.solve" "force" "time.block" "profile.case" 
".Call" ".local" "Cholesky" "Cholesky" "doTryCatch" "tryCatchOne" "tryCatchList" "tryCatch" ".local" "Matrix::solve" "standardGeneric" "Matrix::solve" "doTryCatch" "tryCatchOne" "tryCatchList" "tryCatch" ".ps.lps.solve" "force" "time.block" "profile.case" 
".Call" ".local" "Cholesky" "Cholesky" "doTryCatch" "tryCatchOne" "tryCatchList" "tryCatch" ".local" "Matrix::solve" "standardGeneric" "Matrix::solve" "doTryCatch" "tryCatchOne" "tryCatchList" "tryCatch" ".ps.lps.solve" "force" "time.block" "profile.case" 
".ps.lps.diagnostics" ".ps.lps.solve" "force" "time.block" "profile.case" 
".ps.lps.solve" "force" "time.block" "profile.case" 
".ps.lps.solve" "force" "time.block" "profile.case" 
".ps.lps.solve" "force" "time.block" "profile.case" 
".ps.lps.solve" "force" "time.block" "profile.case" 
"seq.int" ".ps.lps.solve" "force" "time.block" "profile.case" 
".ps.lps.solve" "force" "time.block" "profile.case" 
".ps.lps.solve" "force" "time.block" "profile.case" 
".ps.lps.solve" "force" "time.block" "profile.case" 
".ps.lps.solve" "force" "time.block" "profile.case" 
".ps.lps.solve" "force" "time.block" "profile.case" 
".ps.lps.solve" "force" "time.block" "profile.case" 
"seq.int" ".ps.lps.solve" "force" "time.block" "profile.case" 
"max" ".rangeNum" "range" "range" "cbind" "Matrix::sparseMatrix" ".ps.lps.solve" "force" "time.block" "profile.case" 
".M2C" "Matrix::sparseMatrix" ".ps.lps.solve" "force" "time.block" "profile.case" 
".Call" ".local" "Matrix::crossprod" "Matrix::crossprod" ".ps.lps.solve" "force" "time.block" "profile.case" 
".Call" ".local" "Matrix::crossprod" "Matrix::crossprod" ".ps.lps.solve" "force" "time.block" "profile.case" 
".Call" ".local" "Matrix::crossprod" "Matrix::crossprod" ".ps.lps.solve" "force" "time.block" "profile.case" 
".Call" ".local" "Matrix::crossprod" "Matrix::crossprod" ".ps.lps.solve" "force" "time.block" "profile.case" 
".Call" ".local" "Matrix::crossprod" "Matrix::crossprod" ".ps.lps.solve" "force" "time.block" "profile.case" 
".Call" ".local" "Matrix::crossprod" "Matrix::crossprod" ".ps.lps.solve" "force" "time.block" "profile.case" 
".Call" ".local" "Matrix::crossprod" "Matrix::crossprod" ".ps.lps.solve" "force" "time.block" "profile.case" 
".Call" ".local" "Matrix::crossprod" "Matrix::crossprod" ".ps.lps.solve" "force" "time.block" "profile.case" 
".Call" ".local" "Matrix::crossprod" "Matrix::crossprod" ".ps.lps.solve" "force" "time.block" "profile.case" 
".Call" ".local" "Matrix::crossprod" "Matrix::crossprod" ".ps.lps.solve" "force" "time.block" "profile.case" 
".Call" ".local" "Matrix::crossprod" "Matrix::crossprod" ".ps.lps.solve" "force" "time.block" "profile.case" 
".Call" ".local" "Matrix::crossprod" "Matrix::crossprod" ".ps.lps.solve" "force" "time.block" "profile.case" 
".Call" ".local" "Matrix::crossprod" "Matrix::crossprod" ".ps.lps.solve" "force" "time.block" "profile.case" 
".M2gen" "eval" "eval" "callGeneric" "forceSymmetric" "+" "+" "+" "eval" "eval" "callGeneric" "+" "+" "+" "eval" "eval" "callGeneric" "+" "+" ".ps.lps.solve" "force" "time.block" "profile.case" 
"non0.i" "non0ind" ".Arith.Csparse" "+" "+" "+" "eval" "eval" "callGeneric" "forceSymmetric" "+" "+" "+" "eval" "eval" "callGeneric" "+" "+" "+" "eval" "eval" "callGeneric" "+" "+" ".ps.lps.solve" "force" "time.block" "profile.case" 
"non0.i" "non0ind" ".Arith.Csparse" "+" "+" "+" "eval" "eval" "callGeneric" "forceSymmetric" "+" "+" "+" "eval" "eval" "callGeneric" "+" "+" "+" "eval" "eval" "callGeneric" "+" "+" ".ps.lps.solve" "force" "time.block" "profile.case" 
"non0.i" "non0ind" ".Arith.Csparse" "+" "+" "+" "eval" "eval" "callGeneric" "forceSymmetric" "+" "+" "+" "eval" "eval" "callGeneric" "+" "+" "+" "eval" "eval" "callGeneric" "+" "+" ".ps.lps.solve" "force" "time.block" "profile.case" 
"non0.i" "non0ind" ".Arith.Csparse" "+" "+" "+" "eval" "eval" "callGeneric" "forceSymmetric" "+" "+" "+" "eval" "eval" "callGeneric" "+" "+" "+" "eval" "eval" "callGeneric" "+" "+" ".ps.lps.solve" "force" "time.block" "profile.case" 
"non0.i" "non0ind" ".Arith.Csparse" "+" "+" "+" "eval" "eval" "callGeneric" "forceSymmetric" "+" "+" "+" "eval" "eval" "callGeneric" "+" "+" "+" "eval" "eval" "callGeneric" "+" "+" ".ps.lps.solve" "force" "time.block" "profile.case" 
"non0.i" "non0ind" ".Arith.Csparse" "+" "+" "+" "eval" "eval" "callGeneric" "forceSymmetric" "+" "+" "+" "eval" "eval" "callGeneric" "+" "+" "+" "eval" "eval" "callGeneric" "+" "+" ".ps.lps.solve" "force" "time.block" "profile.case" 
"c" ".nextMethod" "callNextMethod" "initialize" "initialize" "new" "newTMat" ".M2C" ".Arith.Csparse" "+" "+" "+" "eval" "eval" "callGeneric" "forceSymmetric" "+" "+" "+" "eval" "eval" "callGeneric" "+" "+" "+" "eval" "eval" "callGeneric" "+" "+" ".ps.lps.solve" "force" "time.block" "profile.case" 
".M2C" ".Arith.Csparse" "+" "+" "+" "eval" "eval" "callGeneric" "forceSymmetric" "+" "+" "+" "eval" "eval" "callGeneric" "+" "+" "+" "eval" "eval" "callGeneric" "+" "+" ".ps.lps.solve" "force" "time.block" "profile.case" 
".Call" ".local" "Cholesky" "Cholesky" "doTryCatch" "tryCatchOne" "tryCatchList" "tryCatch" ".local" "Matrix::solve" "standardGeneric" "Matrix::solve" "doTryCatch" "tryCatchOne" "tryCatchList" "tryCatch" ".ps.lps.solve" "force" "time.block" "profile.case" 
".Call" ".local" "Cholesky" "Cholesky" "doTryCatch" "tryCatchOne" "tryCatchList" "tryCatch" ".local" "Matrix::solve" "standardGeneric" "Matrix::solve" "doTryCatch" "tryCatchOne" "tryCatchList" "tryCatch" ".ps.lps.solve" "force" "time.block" "profile.case" 
".Call" ".local" "Cholesky" "Cholesky" "doTryCatch" "tryCatchOne" "tryCatchList" "tryCatch" ".local" "Matrix::solve" "standardGeneric" "Matrix::solve" "doTryCatch" "tryCatchOne" "tryCatchList" "tryCatch" ".ps.lps.solve" "force" "time.block" "profile.case" 
".Call" ".local" "Cholesky" "Cholesky" "doTryCatch" "tryCatchOne" "tryCatchList" "tryCatch" ".local" "Matrix::solve" "standardGeneric" "Matrix::solve" "doTryCatch" "tryCatchOne" "tryCatchList" "tryCatch" ".ps.lps.solve" "force" "time.block" "profile.case" 
".Call" ".local" "Cholesky" "Cholesky" "doTryCatch" "tryCatchOne" "tryCatchList" "tryCatch" ".local" "Matrix::solve" "standardGeneric" "Matrix::solve" "doTryCatch" "tryCatchOne" "tryCatchList" "tryCatch" ".ps.lps.solve" "force" "time.block" "profile.case" 
".Call" ".local" "Cholesky" "Cholesky" "doTryCatch" "tryCatchOne" "tryCatchList" "tryCatch" ".local" "Matrix::solve" "standardGeneric" "Matrix::solve" "doTryCatch" "tryCatchOne" "tryCatchList" "tryCatch" ".ps.lps.solve" "force" "time.block" "profile.case" 
".Call" ".local" "Cholesky" "Cholesky" "doTryCatch" "tryCatchOne" "tryCatchList" "tryCatch" ".local" "Matrix::solve" "standardGeneric" "Matrix::solve" "doTryCatch" "tryCatchOne" "tryCatchList" "tryCatch" ".ps.lps.solve" "force" "time.block" "profile.case" 
".Call" ".local" "Cholesky" "Cholesky" "doTryCatch" "tryCatchOne" "tryCatchList" "tryCatch" ".local" "Matrix::solve" "standardGeneric" "Matrix::solve" "doTryCatch" "tryCatchOne" "tryCatchList" "tryCatch" ".ps.lps.solve" "force" "time.block" "profile.case" 
".Call" ".local" "Cholesky" "Cholesky" "doTryCatch" "tryCatchOne" "tryCatchList" "tryCatch" ".local" "Matrix::solve" "standardGeneric" "Matrix::solve" "doTryCatch" "tryCatchOne" "tryCatchList" "tryCatch" ".ps.lps.solve" "force" "time.block" "profile.case" 
".Call" ".local" "Cholesky" "Cholesky" "doTryCatch" "tryCatchOne" "tryCatchList" "tryCatch" ".local" "Matrix::solve" "standardGeneric" "Matrix::solve" "doTryCatch" "tryCatchOne" "tryCatchList" "tryCatch" ".ps.lps.solve" "force" "time.block" "profile.case" 
".Call" ".local" "Cholesky" "Cholesky" "doTryCatch" "tryCatchOne" "tryCatchList" "tryCatch" ".local" "Matrix::solve" "standardGeneric" "Matrix::solve" "doTryCatch" "tryCatchOne" "tryCatchList" "tryCatch" ".ps.lps.solve" "force" "time.block" "profile.case" 
".Call" ".local" "Cholesky" "Cholesky" "doTryCatch" "tryCatchOne" "tryCatchList" "tryCatch" ".local" "Matrix::solve" "standardGeneric" "Matrix::solve" "doTryCatch" "tryCatchOne" "tryCatchList" "tryCatch" ".ps.lps.solve" "force" "time.block" "profile.case" 
".Call" ".local" "Cholesky" "Cholesky" "doTryCatch" "tryCatchOne" "tryCatchList" "tryCatch" ".local" "Matrix::solve" "standardGeneric" "Matrix::solve" "doTryCatch" "tryCatchOne" "tryCatchList" "tryCatch" ".ps.lps.solve" "force" "time.block" "profile.case" 
".Call" ".local" "Cholesky" "Cholesky" "doTryCatch" "tryCatchOne" "tryCatchList" "tryCatch" ".local" "Matrix::solve" "standardGeneric" "Matrix::solve" "doTryCatch" "tryCatchOne" "tryCatchList" "tryCatch" ".ps.lps.solve" "force" "time.block" "profile.case" 
".Call" ".local" "Cholesky" "Cholesky" "doTryCatch" "tryCatchOne" "tryCatchList" "tryCatch" ".local" "Matrix::solve" "standardGeneric" "Matrix::solve" "doTryCatch" "tryCatchOne" "tryCatchList" "tryCatch" ".ps.lps.solve" "force" "time.block" "profile.case" 
".Call" ".local" "Cholesky" "Cholesky" "doTryCatch" "tryCatchOne" "tryCatchList" "tryCatch" ".local" "Matrix::solve" "standardGeneric" "Matrix::solve" "doTryCatch" "tryCatchOne" "tryCatchList" "tryCatch" ".ps.lps.solve" "force" "time.block" "profile.case" 
".Call" ".local" "solve" "standardGeneric" "solve" ".local" "Matrix::solve" "standardGeneric" "Matrix::solve" "doTryCatch" "tryCatchOne" "tryCatchList" "tryCatch" ".ps.lps.solve" "force" "time.block" "profile.case" 
"gc" "time.block" "profile.case" 
"gc" "time.block" "profile.case" 
"gc" "time.block" "profile.case" 
"gc" "time.block" "profile.case" 
"gc" "time.block" "profile.case" 
".ps.lps.solve" "force" "time.block" "profile.case" 
".ps.lps.solve" "force" "time.block" "profile.case" 
".ps.lps.solve" "force" "time.block" "profile.case" 
".ps.lps.solve" "force" "time.block" "profile.case" 
".ps.lps.solve" "force" "time.block" "profile.case" 
".ps.lps.solve" "force" "time.block" "profile.case" 
".ps.lps.solve" "force" "time.block" "profile.case" 
".ps.lps.solve" "force" "time.block" "profile.case" 
".ps.lps.solve" "force" "time.block" "profile.case" 
".ps.lps.solve" "force" "time.block" "profile.case" 
".ps.lps.solve" "force" "time.block" "profile.case" 
".ps.lps.solve" "force" "time.block" "profile.case" 
"Matrix::sparseMatrix" ".ps.lps.solve" "force" "time.block" "profile.case" 
".rangeNum" "range" "range" "cbind" "Matrix::sparseMatrix" ".ps.lps.solve" "force" "time.block" "profile.case" 
".M2C" "Matrix::sparseMatrix" ".ps.lps.solve" "force" "time.block" "profile.case" 
".M2C" "Matrix::sparseMatrix" ".ps.lps.solve" "force" "time.block" "profile.case" 
".Call" ".local" "Matrix::crossprod" "Matrix::crossprod" ".ps.lps.solve" "force" "time.block" "profile.case" 
".Call" ".local" "Matrix::crossprod" "Matrix::crossprod" ".ps.lps.solve" "force" "time.block" "profile.case" 
".Call" ".local" "Matrix::crossprod" "Matrix::crossprod" ".ps.lps.solve" "force" "time.block" "profile.case" 
".Call" ".local" "Matrix::crossprod" "Matrix::crossprod" ".ps.lps.solve" "force" "time.block" "profile.case" 
".Call" ".local" "Matrix::crossprod" "Matrix::crossprod" ".ps.lps.solve" "force" "time.block" "profile.case" 
".Call" ".local" "Matrix::crossprod" "Matrix::crossprod" ".ps.lps.solve" "force" "time.block" "profile.case" 
".Call" ".local" "Matrix::crossprod" "Matrix::crossprod" ".ps.lps.solve" "force" "time.block" "profile.case" 
".Call" ".local" "Matrix::crossprod" "Matrix::crossprod" ".ps.lps.solve" "force" "time.block" "profile.case" 
".Call" ".local" "Matrix::crossprod" "Matrix::crossprod" ".ps.lps.solve" "force" "time.block" "profile.case" 
".Call" ".local" "Matrix::crossprod" "Matrix::crossprod" ".ps.lps.solve" "force" "time.block" "profile.case" 
".Call" ".local" "Matrix::crossprod" "Matrix::crossprod" ".ps.lps.solve" "force" "time.block" "profile.case" 
".Call" ".local" "Matrix::crossprod" "Matrix::crossprod" ".ps.lps.solve" "force" "time.block" "profile.case" 
".Call" ".local" "Matrix::crossprod" "Matrix::crossprod" ".ps.lps.solve" "force" "time.block" "profile.case" 
"non0.i" "non0ind" ".Arith.Csparse" "+" "+" "+" "eval" "eval" "callGeneric" "forceSymmetric" "+" "+" "+" "eval" "eval" "callGeneric" "+" "+" "+" "eval" "eval" "callGeneric" "+" "+" ".ps.lps.solve" "force" "time.block" "profile.case" 
".nextMethod" "callNextMethod" "initialize" "initialize" "new" "newTMat" ".M2C" ".Arith.Csparse" "+" "+" "+" "eval" "eval" "callGeneric" "forceSymmetric" "+" "+" "+" "eval" "eval" "callGeneric" "+" "+" "+" "eval" "eval" "callGeneric" "+" "+" ".ps.lps.solve" "force" "time.block" "profile.case" 
".M2C" ".Arith.Csparse" "+" "+" "+" "eval" "eval" "callGeneric" "forceSymmetric" "+" "+" "+" "eval" "eval" "callGeneric" "+" "+" "+" "eval" "eval" "callGeneric" "+" "+" ".ps.lps.solve" "force" "time.block" "profile.case" 
".M2C" ".Arith.Csparse" "+" "+" "+" "eval" "eval" "callGeneric" "forceSymmetric" "+" "+" "+" "eval" "eval" "callGeneric" "+" "+" "+" "eval" "eval" "callGeneric" "+" "+" ".ps.lps.solve" "force" "time.block" "profile.case" 
".M2C" ".Arith.Csparse" "+" "+" "+" "eval" "eval" "callGeneric" "forceSymmetric" "+" "+" "+" "eval" "eval" "callGeneric" "+" "+" "+" "eval" "eval" "callGeneric" "+" "+" ".ps.lps.solve" "force" "time.block" "profile.case" 
".M2C" ".Arith.Csparse" "+" "+" "+" "eval" "eval" "callGeneric" "forceSymmetric" "+" "+" "+" "eval" "eval" "callGeneric" "+" "+" "+" "eval" "eval" "callGeneric" "+" "+" ".ps.lps.solve" "force" "time.block" "profile.case" 
".M2C" ".Arith.Csparse" "+" "+" "+" "eval" "eval" "callGeneric" "forceSymmetric" "+" "+" "+" "eval" "eval" "callGeneric" "+" "+" "+" "eval" "eval" "callGeneric" "+" "+" ".ps.lps.solve" "force" "time.block" "profile.case" 
".M2C" ".Arith.Csparse" "+" "+" "+" "eval" "eval" "callGeneric" "forceSymmetric" "+" "+" "+" "eval" "eval" "callGeneric" "+" "+" "+" "eval" "eval" "callGeneric" "+" "+" ".ps.lps.solve" "force" "time.block" "profile.case" 
".M2C" ".Arith.Csparse" "+" "+" "+" "eval" "eval" "callGeneric" "forceSymmetric" "+" "+" "+" "eval" "eval" "callGeneric" "+" "+" "+" "eval" "eval" "callGeneric" "+" "+" ".ps.lps.solve" "force" "time.block" "profile.case" 
".Call" ".local" "Cholesky" "Cholesky" "doTryCatch" "tryCatchOne" "tryCatchList" "tryCatch" ".local" "Matrix::solve" "standardGeneric" "Matrix::solve" "doTryCatch" "tryCatchOne" "tryCatchList" "tryCatch" ".ps.lps.solve" "force" "time.block" "profile.case" 
".Call" ".local" "Cholesky" "Cholesky" "doTryCatch" "tryCatchOne" "tryCatchList" "tryCatch" ".local" "Matrix::solve" "standardGeneric" "Matrix::solve" "doTryCatch" "tryCatchOne" "tryCatchList" "tryCatch" ".ps.lps.solve" "force" "time.block" "profile.case" 
".Call" ".local" "Cholesky" "Cholesky" "doTryCatch" "tryCatchOne" "tryCatchList" "tryCatch" ".local" "Matrix::solve" "standardGeneric" "Matrix::solve" "doTryCatch" "tryCatchOne" "tryCatchList" "tryCatch" ".ps.lps.solve" "force" "time.block" "profile.case" 
".Call" ".local" "Cholesky" "Cholesky" "doTryCatch" "tryCatchOne" "tryCatchList" "tryCatch" ".local" "Matrix::solve" "standardGeneric" "Matrix::solve" "doTryCatch" "tryCatchOne" "tryCatchList" "tryCatch" ".ps.lps.solve" "force" "time.block" "profile.case" 
".Call" ".local" "Cholesky" "Cholesky" "doTryCatch" "tryCatchOne" "tryCatchList" "tryCatch" ".local" "Matrix::solve" "standardGeneric" "Matrix::solve" "doTryCatch" "tryCatchOne" "tryCatchList" "tryCatch" ".ps.lps.solve" "force" "time.block" "profile.case" 
".Call" ".local" "Cholesky" "Cholesky" "doTryCatch" "tryCatchOne" "tryCatchList" "tryCatch" ".local" "Matrix::solve" "standardGeneric" "Matrix::solve" "doTryCatch" "tryCatchOne" "tryCatchList" "tryCatch" ".ps.lps.solve" "force" "time.block" "profile.case" 
".Call" ".local" "Cholesky" "Cholesky" "doTryCatch" "tryCatchOne" "tryCatchList" "tryCatch" ".local" "Matrix::solve" "standardGeneric" "Matrix::solve" "doTryCatch" "tryCatchOne" "tryCatchList" "tryCatch" ".ps.lps.solve" "force" "time.block" "profile.case" 
".Call" ".local" "Cholesky" "Cholesky" "doTryCatch" "tryCatchOne" "tryCatchList" "tryCatch" ".local" "Matrix::solve" "standardGeneric" "Matrix::solve" "doTryCatch" "tryCatchOne" "tryCatchList" "tryCatch" ".ps.lps.solve" "force" "time.block" "profile.case" 
".Call" ".local" "Cholesky" "Cholesky" "doTryCatch" "tryCatchOne" "tryCatchList" "tryCatch" ".local" "Matrix::solve" "standardGeneric" "Matrix::solve" "doTryCatch" "tryCatchOne" "tryCatchList" "tryCatch" ".ps.lps.solve" "force" "time.block" "profile.case" 
".Call" ".local" "Cholesky" "Cholesky" "doTryCatch" "tryCatchOne" "tryCatchList" "tryCatch" ".local" "Matrix::solve" "standardGeneric" "Matrix::solve" "doTryCatch" "tryCatchOne" "tryCatchList" "tryCatch" ".ps.lps.solve" "force" "time.block" "profile.case" 
".Call" ".local" "Cholesky" "Cholesky" "doTryCatch" "tryCatchOne" "tryCatchList" "tryCatch" ".local" "Matrix::solve" "standardGeneric" "Matrix::solve" "doTryCatch" "tryCatchOne" "tryCatchList" "tryCatch" ".ps.lps.solve" "force" "time.block" "profile.case" 
".Call" ".local" "Cholesky" "Cholesky" "doTryCatch" "tryCatchOne" "tryCatchList" "tryCatch" ".local" "Matrix::solve" "standardGeneric" "Matrix::solve" "doTryCatch" "tryCatchOne" "tryCatchList" "tryCatch" ".ps.lps.solve" "force" "time.block" "profile.case" 
".Call" ".local" "Cholesky" "Cholesky" "doTryCatch" "tryCatchOne" "tryCatchList" "tryCatch" ".local" "Matrix::solve" "standardGeneric" "Matrix::solve" "doTryCatch" "tryCatchOne" "tryCatchList" "tryCatch" ".ps.lps.solve" "force" "time.block" "profile.case" 
".Call" ".local" "Cholesky" "Cholesky" "doTryCatch" "tryCatchOne" "tryCatchList" "tryCatch" ".local" "Matrix::solve" "standardGeneric" "Matrix::solve" "doTryCatch" "tryCatchOne" "tryCatchList" "tryCatch" ".ps.lps.solve" "force" "time.block" "profile.case" 
".Call" ".local" "Cholesky" "Cholesky" "doTryCatch" "tryCatchOne" "tryCatchList" "tryCatch" ".local" "Matrix::solve" "standardGeneric" "Matrix::solve" "doTryCatch" "tryCatchOne" "tryCatchList" "tryCatch" ".ps.lps.solve" "force" "time.block" "profile.case" 
"%*%" ".ps.lps.diagnostics" ".ps.lps.solve" "force" "time.block" "profile.case" 
